This is pdfTeX, Version 3.1415926-2.3-1.40.12 (MiKTeX 2.9) (preloaded format=pdflatex 2015.10.26)  14 FEB 2018 13:26
entering extended mode
**Escritos*y*Poemas*Tematicos.tex

("C:\Users\Gonz\Documents\Escritos\LaTeX\Escritos y Poemas Tematicos\Escritos y
 Poemas Tematicos.tex"
LaTeX2e <2011/06/27>
Babel <v3.8m> and hyphenation patterns for english, afrikaans, ancientgreek, ar
abic, armenian, assamese, basque, bengali, bokmal, bulgarian, catalan, coptic, 
croatian, czech, danish, dutch, esperanto, estonian, farsi, finnish, french, ga
lician, german, german-x-2009-06-19, greek, gujarati, hindi, hungarian, iceland
ic, indonesian, interlingua, irish, italian, kannada, kurmanji, lao, latin, lat
vian, lithuanian, malayalam, marathi, mongolian, mongolianlmc, monogreek, ngerm
an, ngerman-x-2009-06-19, nynorsk, oriya, panjabi, pinyin, polish, portuguese, 
romanian, russian, sanskrit, serbian, slovak, slovenian, spanish, swedish, swis
sgerman, tamil, telugu, turkish, turkmen, ukenglish, ukrainian, uppersorbian, u
senglishmax, welsh, loaded.
("C:\Program Files (x86)\MiKTeX 2.9\tex\latex\base\book.cls"
Document Class: book 2007/10/19 v1.4h Standard LaTeX document class
("C:\Program Files (x86)\MiKTeX 2.9\tex\latex\base\bk12.clo"
File: bk12.clo 2007/10/19 v1.4h Standard LaTeX file (size option)
)
\c@part=\count79
\c@chapter=\count80
\c@section=\count81
\c@subsection=\count82
\c@subsubsection=\count83
\c@paragraph=\count84
\c@subparagraph=\count85
\c@figure=\count86
\c@table=\count87
\abovecaptionskip=\skip41
\belowcaptionskip=\skip42
\bibindent=\dimen102
)
("C:\Program Files (x86)\MiKTeX 2.9\tex\latex\base\inputenc.sty"
Package: inputenc 2008/03/30 v1.1d Input encoding file
\inpenc@prehook=\toks14
\inpenc@posthook=\toks15

("C:\Program Files (x86)\MiKTeX 2.9\tex\latex\base\utf8.def"
File: utf8.def 2008/04/05 v1.1m UTF-8 support for inputenc
Now handling font encoding OML ...
... no UTF-8 mapping file for font encoding OML
Now handling font encoding T1 ...
... processing UTF-8 mapping file for font encoding T1

("C:\Program Files (x86)\MiKTeX 2.9\tex\latex\base\t1enc.dfu"
File: t1enc.dfu 2008/04/05 v1.1m UTF-8 support for inputenc
   defining Unicode char U+00A1 (decimal 161)
   defining Unicode char U+00A3 (decimal 163)
   defining Unicode char U+00AB (decimal 171)
   defining Unicode char U+00BB (decimal 187)
   defining Unicode char U+00BF (decimal 191)
   defining Unicode char U+00C0 (decimal 192)
   defining Unicode char U+00C1 (decimal 193)
   defining Unicode char U+00C2 (decimal 194)
   defining Unicode char U+00C3 (decimal 195)
   defining Unicode char U+00C4 (decimal 196)
   defining Unicode char U+00C5 (decimal 197)
   defining Unicode char U+00C6 (decimal 198)
   defining Unicode char U+00C7 (decimal 199)
   defining Unicode char U+00C8 (decimal 200)
   defining Unicode char U+00C9 (decimal 201)
   defining Unicode char U+00CA (decimal 202)
   defining Unicode char U+00CB (decimal 203)
   defining Unicode char U+00CC (decimal 204)
   defining Unicode char U+00CD (decimal 205)
   defining Unicode char U+00CE (decimal 206)
   defining Unicode char U+00CF (decimal 207)
   defining Unicode char U+00D0 (decimal 208)
   defining Unicode char U+00D1 (decimal 209)
   defining Unicode char U+00D2 (decimal 210)
   defining Unicode char U+00D3 (decimal 211)
   defining Unicode char U+00D4 (decimal 212)
   defining Unicode char U+00D5 (decimal 213)
   defining Unicode char U+00D6 (decimal 214)
   defining Unicode char U+00D8 (decimal 216)
   defining Unicode char U+00D9 (decimal 217)
   defining Unicode char U+00DA (decimal 218)
   defining Unicode char U+00DB (decimal 219)
   defining Unicode char U+00DC (decimal 220)
   defining Unicode char U+00DD (decimal 221)
   defining Unicode char U+00DE (decimal 222)
   defining Unicode char U+00DF (decimal 223)
   defining Unicode char U+00E0 (decimal 224)
   defining Unicode char U+00E1 (decimal 225)
   defining Unicode char U+00E2 (decimal 226)
   defining Unicode char U+00E3 (decimal 227)
   defining Unicode char U+00E4 (decimal 228)
   defining Unicode char U+00E5 (decimal 229)
   defining Unicode char U+00E6 (decimal 230)
   defining Unicode char U+00E7 (decimal 231)
   defining Unicode char U+00E8 (decimal 232)
   defining Unicode char U+00E9 (decimal 233)
   defining Unicode char U+00EA (decimal 234)
   defining Unicode char U+00EB (decimal 235)
   defining Unicode char U+00EC (decimal 236)
   defining Unicode char U+00ED (decimal 237)
   defining Unicode char U+00EE (decimal 238)
   defining Unicode char U+00EF (decimal 239)
   defining Unicode char U+00F0 (decimal 240)
   defining Unicode char U+00F1 (decimal 241)
   defining Unicode char U+00F2 (decimal 242)
   defining Unicode char U+00F3 (decimal 243)
   defining Unicode char U+00F4 (decimal 244)
   defining Unicode char U+00F5 (decimal 245)
   defining Unicode char U+00F6 (decimal 246)
   defining Unicode char U+00F8 (decimal 248)
   defining Unicode char U+00F9 (decimal 249)
   defining Unicode char U+00FA (decimal 250)
   defining Unicode char U+00FB (decimal 251)
   defining Unicode char U+00FC (decimal 252)
   defining Unicode char U+00FD (decimal 253)
   defining Unicode char U+00FE (decimal 254)
   defining Unicode char U+00FF (decimal 255)
   defining Unicode char U+0102 (decimal 258)
   defining Unicode char U+0103 (decimal 259)
   defining Unicode char U+0104 (decimal 260)
   defining Unicode char U+0105 (decimal 261)
   defining Unicode char U+0106 (decimal 262)
   defining Unicode char U+0107 (decimal 263)
   defining Unicode char U+010C (decimal 268)
   defining Unicode char U+010D (decimal 269)
   defining Unicode char U+010E (decimal 270)
   defining Unicode char U+010F (decimal 271)
   defining Unicode char U+0110 (decimal 272)
   defining Unicode char U+0111 (decimal 273)
   defining Unicode char U+0118 (decimal 280)
   defining Unicode char U+0119 (decimal 281)
   defining Unicode char U+011A (decimal 282)
   defining Unicode char U+011B (decimal 283)
   defining Unicode char U+011E (decimal 286)
   defining Unicode char U+011F (decimal 287)
   defining Unicode char U+0130 (decimal 304)
   defining Unicode char U+0131 (decimal 305)
   defining Unicode char U+0132 (decimal 306)
   defining Unicode char U+0133 (decimal 307)
   defining Unicode char U+0139 (decimal 313)
   defining Unicode char U+013A (decimal 314)
   defining Unicode char U+013D (decimal 317)
   defining Unicode char U+013E (decimal 318)
   defining Unicode char U+0141 (decimal 321)
   defining Unicode char U+0142 (decimal 322)
   defining Unicode char U+0143 (decimal 323)
   defining Unicode char U+0144 (decimal 324)
   defining Unicode char U+0147 (decimal 327)
   defining Unicode char U+0148 (decimal 328)
   defining Unicode char U+014A (decimal 330)
   defining Unicode char U+014B (decimal 331)
   defining Unicode char U+0150 (decimal 336)
   defining Unicode char U+0151 (decimal 337)
   defining Unicode char U+0152 (decimal 338)
   defining Unicode char U+0153 (decimal 339)
   defining Unicode char U+0154 (decimal 340)
   defining Unicode char U+0155 (decimal 341)
   defining Unicode char U+0158 (decimal 344)
   defining Unicode char U+0159 (decimal 345)
   defining Unicode char U+015A (decimal 346)
   defining Unicode char U+015B (decimal 347)
   defining Unicode char U+015E (decimal 350)
   defining Unicode char U+015F (decimal 351)
   defining Unicode char U+0160 (decimal 352)
   defining Unicode char U+0161 (decimal 353)
   defining Unicode char U+0162 (decimal 354)
   defining Unicode char U+0163 (decimal 355)
   defining Unicode char U+0164 (decimal 356)
   defining Unicode char U+0165 (decimal 357)
   defining Unicode char U+016E (decimal 366)
   defining Unicode char U+016F (decimal 367)
   defining Unicode char U+0170 (decimal 368)
   defining Unicode char U+0171 (decimal 369)
   defining Unicode char U+0178 (decimal 376)
   defining Unicode char U+0179 (decimal 377)
   defining Unicode char U+017A (decimal 378)
   defining Unicode char U+017B (decimal 379)
   defining Unicode char U+017C (decimal 380)
   defining Unicode char U+017D (decimal 381)
   defining Unicode char U+017E (decimal 382)
   defining Unicode char U+200C (decimal 8204)
   defining Unicode char U+2013 (decimal 8211)
   defining Unicode char U+2014 (decimal 8212)
   defining Unicode char U+2018 (decimal 8216)
   defining Unicode char U+2019 (decimal 8217)
   defining Unicode char U+201A (decimal 8218)
   defining Unicode char U+201C (decimal 8220)
   defining Unicode char U+201D (decimal 8221)
   defining Unicode char U+201E (decimal 8222)
   defining Unicode char U+2030 (decimal 8240)
   defining Unicode char U+2031 (decimal 8241)
   defining Unicode char U+2039 (decimal 8249)
   defining Unicode char U+203A (decimal 8250)
   defining Unicode char U+2423 (decimal 9251)
)
Now handling font encoding OT1 ...
... processing UTF-8 mapping file for font encoding OT1

("C:\Program Files (x86)\MiKTeX 2.9\tex\latex\base\ot1enc.dfu"
File: ot1enc.dfu 2008/04/05 v1.1m UTF-8 support for inputenc
   defining Unicode char U+00A1 (decimal 161)
   defining Unicode char U+00A3 (decimal 163)
   defining Unicode char U+00B8 (decimal 184)
   defining Unicode char U+00BF (decimal 191)
   defining Unicode char U+00C5 (decimal 197)
   defining Unicode char U+00C6 (decimal 198)
   defining Unicode char U+00D8 (decimal 216)
   defining Unicode char U+00DF (decimal 223)
   defining Unicode char U+00E6 (decimal 230)
   defining Unicode char U+00EC (decimal 236)
   defining Unicode char U+00ED (decimal 237)
   defining Unicode char U+00EE (decimal 238)
   defining Unicode char U+00EF (decimal 239)
   defining Unicode char U+00F8 (decimal 248)
   defining Unicode char U+0131 (decimal 305)
   defining Unicode char U+0141 (decimal 321)
   defining Unicode char U+0142 (decimal 322)
   defining Unicode char U+0152 (decimal 338)
   defining Unicode char U+0153 (decimal 339)
   defining Unicode char U+2013 (decimal 8211)
   defining Unicode char U+2014 (decimal 8212)
   defining Unicode char U+2018 (decimal 8216)
   defining Unicode char U+2019 (decimal 8217)
   defining Unicode char U+201C (decimal 8220)
   defining Unicode char U+201D (decimal 8221)
)
Now handling font encoding OMS ...
... processing UTF-8 mapping file for font encoding OMS

("C:\Program Files (x86)\MiKTeX 2.9\tex\latex\base\omsenc.dfu"
File: omsenc.dfu 2008/04/05 v1.1m UTF-8 support for inputenc
   defining Unicode char U+00A7 (decimal 167)
   defining Unicode char U+00B6 (decimal 182)
   defining Unicode char U+00B7 (decimal 183)
   defining Unicode char U+2020 (decimal 8224)
   defining Unicode char U+2021 (decimal 8225)
   defining Unicode char U+2022 (decimal 8226)
)
Now handling font encoding OMX ...
... no UTF-8 mapping file for font encoding OMX
Now handling font encoding U ...
... no UTF-8 mapping file for font encoding U
   defining Unicode char U+00A9 (decimal 169)
   defining Unicode char U+00AA (decimal 170)
   defining Unicode char U+00AE (decimal 174)
   defining Unicode char U+00BA (decimal 186)
   defining Unicode char U+02C6 (decimal 710)
   defining Unicode char U+02DC (decimal 732)
   defining Unicode char U+200C (decimal 8204)
   defining Unicode char U+2026 (decimal 8230)
   defining Unicode char U+2122 (decimal 8482)
   defining Unicode char U+2423 (decimal 9251)
))
("C:\Program Files (x86)\MiKTeX 2.9\tex\generic\babel\babel.sty"
Package: babel 2008/07/08 v3.8m The Babel package

*************************************
* Local config file bblopts.cfg used
*
("C:\Program Files (x86)\MiKTeX 2.9\tex\latex\00miktex\bblopts.cfg"
File: bblopts.cfg 2006/07/31 v1.0 MiKTeX 'babel' configuration
)
("C:\Program Files (x86)\MiKTeX 2.9\tex\generic\babel\spanish.ldf"
Language: spanish.ldf 2009/01/02 v5.0h Spanish support from the babel system

("C:\Program Files (x86)\MiKTeX 2.9\tex\generic\babel\babel.def"
File: babel.def 2008/07/08 v3.8m Babel common definitions
\babel@savecnt=\count88
\U@D=\dimen103
)
\es@datefmt=\count89
\es@quottoks=\toks16
\es@quotdepth=\count90
Package babel Info: Making " an active character on input line 492.
Package babel Info: Making . an active character on input line 585.
Package babel Info: Making < an active character on input line 630.
Package babel Info: Making > an active character on input line 630.
))
("C:\Program Files (x86)\MiKTeX 2.9\tex\latex\graphics\graphicx.sty"
Package: graphicx 1999/02/16 v1.0f Enhanced LaTeX Graphics (DPC,SPQR)

("C:\Program Files (x86)\MiKTeX 2.9\tex\latex\graphics\keyval.sty"
Package: keyval 1999/03/16 v1.13 key=value parser (DPC)
\KV@toks@=\toks17
)
("C:\Program Files (x86)\MiKTeX 2.9\tex\latex\graphics\graphics.sty"
Package: graphics 2009/02/05 v1.0o Standard LaTeX Graphics (DPC,SPQR)

("C:\Program Files (x86)\MiKTeX 2.9\tex\latex\graphics\trig.sty"
Package: trig 1999/03/16 v1.09 sin cos tan (DPC)
)
("C:\Program Files (x86)\MiKTeX 2.9\tex\latex\00miktex\graphics.cfg"
File: graphics.cfg 2007/01/18 v1.5 graphics configuration of teTeX/TeXLive
)
Package graphics Info: Driver file: pdftex.def on input line 91.

("C:\Program Files (x86)\MiKTeX 2.9\tex\latex\pdftex-def\pdftex.def"
File: pdftex.def 2011/05/27 v0.06d Graphics/color for pdfTeX

("C:\Program Files (x86)\MiKTeX 2.9\tex\generic\oberdiek\infwarerr.sty"
Package: infwarerr 2010/04/08 v1.3 Providing info/warning/error messages (HO)
)
("C:\Program Files (x86)\MiKTeX 2.9\tex\generic\oberdiek\ltxcmds.sty"
Package: ltxcmds 2011/11/09 v1.22 LaTeX kernel commands for general use (HO)
)
\Gread@gobject=\count91
))
\Gin@req@height=\dimen104
\Gin@req@width=\dimen105
)
("C:\Program Files (x86)\MiKTeX 2.9\tex\latex\setspace\setspace.sty"
Package: setspace 2011/12/19 v6.7a set line spacing
)
("C:\Program Files (x86)\MiKTeX 2.9\tex\latex\hyperref\hyperref.sty"
Package: hyperref 2012/05/13 v6.82q Hypertext links for LaTeX

("C:\Program Files (x86)\MiKTeX 2.9\tex\generic\oberdiek\hobsub-hyperref.sty"
Package: hobsub-hyperref 2012/04/25 v1.12 Bundle oberdiek, subset hyperref (HO)


("C:\Program Files (x86)\MiKTeX 2.9\tex\generic\oberdiek\hobsub-generic.sty"
Package: hobsub-generic 2012/04/25 v1.12 Bundle oberdiek, subset generic (HO)
Package: hobsub 2012/04/25 v1.12 Construct package bundles (HO)
Package hobsub Info: Skipping package `infwarerr' (already loaded).
Package hobsub Info: Skipping package `ltxcmds' (already loaded).
Package: ifluatex 2010/03/01 v1.3 Provides the ifluatex switch (HO)
Package ifluatex Info: LuaTeX not detected.
Package: ifvtex 2010/03/01 v1.5 Detect VTeX and its facilities (HO)
Package ifvtex Info: VTeX not detected.
Package: intcalc 2007/09/27 v1.1 Expandable calculations with integers (HO)
Package: ifpdf 2011/01/30 v2.3 Provides the ifpdf switch (HO)
Package ifpdf Info: pdfTeX in PDF mode is detected.
Package: etexcmds 2011/02/16 v1.5 Avoid name clashes with e-TeX commands (HO)
Package etexcmds Info: Could not find \expanded.
(etexcmds)             That can mean that you are not using pdfTeX 1.50 or
(etexcmds)             that some package has redefined \expanded.
(etexcmds)             In the latter case, load this package earlier.
Package: kvsetkeys 2012/04/25 v1.16 Key value parser (HO)
Package: kvdefinekeys 2011/04/07 v1.3 Define keys (HO)
Package: pdftexcmds 2011/11/29 v0.20 Utility functions of pdfTeX for LuaTeX (HO
)
Package pdftexcmds Info: LuaTeX not detected.
Package pdftexcmds Info: \pdf@primitive is available.
Package pdftexcmds Info: \pdf@ifprimitive is available.
Package pdftexcmds Info: \pdfdraftmode found.
Package: pdfescape 2011/11/25 v1.13 Implements pdfTeX's escape features (HO)
Package: bigintcalc 2012/04/08 v1.3 Expandable calculations on big integers (HO
)
Package: bitset 2011/01/30 v1.1 Handle bit-vector datatype (HO)
Package: uniquecounter 2011/01/30 v1.2 Provide unlimited unique counter (HO)
)
Package hobsub Info: Skipping package `hobsub' (already loaded).
Package: letltxmacro 2010/09/02 v1.4 Let assignment for LaTeX macros (HO)
Package: hopatch 2011/06/24 v1.1 Wrapper for package hooks (HO)
Package: xcolor-patch 2011/01/30 xcolor patch
Package: atveryend 2011/06/30 v1.8 Hooks at the very end of document (HO)
Package atveryend Info: \enddocument detected (standard20110627).
Package: atbegshi 2011/10/05 v1.16 At begin shipout hook (HO)
Package: refcount 2011/10/16 v3.4 Data extraction from label references (HO)
Package: hycolor 2011/01/30 v1.7 Color options for hyperref/bookmark (HO)
)
("C:\Program Files (x86)\MiKTeX 2.9\tex\generic\ifxetex\ifxetex.sty"
Package: ifxetex 2010/09/12 v0.6 Provides ifxetex conditional
)
("C:\Program Files (x86)\MiKTeX 2.9\tex\latex\oberdiek\kvoptions.sty"
Package: kvoptions 2011/06/30 v3.11 Key value format for package options (HO)
)
\@linkdim=\dimen106
\Hy@linkcounter=\count92
\Hy@pagecounter=\count93

("C:\Program Files (x86)\MiKTeX 2.9\tex\latex\hyperref\pd1enc.def"
File: pd1enc.def 2012/05/13 v6.82q Hyperref: PDFDocEncoding definition (HO)
Now handling font encoding PD1 ...
... no UTF-8 mapping file for font encoding PD1
)
\Hy@SavedSpaceFactor=\count94

("C:\Program Files (x86)\MiKTeX 2.9\tex\latex\00miktex\hyperref.cfg"
File: hyperref.cfg 2002/06/06 v1.2 hyperref configuration of TeXLive
)
Package hyperref Info: Hyper figures OFF on input line 4062.
Package hyperref Info: Link nesting OFF on input line 4067.
Package hyperref Info: Hyper index ON on input line 4070.
Package hyperref Info: Plain pages OFF on input line 4077.
Package hyperref Info: Backreferencing OFF on input line 4082.
Package hyperref Info: Implicit mode ON; LaTeX internals redefined.
Package hyperref Info: Bookmarks ON on input line 4300.
\c@Hy@tempcnt=\count95

("C:\Program Files (x86)\MiKTeX 2.9\tex\latex\ltxmisc\url.sty"
\Urlmuskip=\muskip10
Package: url 2006/04/12  ver 3.3  Verb mode for urls, etc.
)
LaTeX Info: Redefining \url on input line 4653.
\Fld@menulength=\count96
\Field@Width=\dimen107
\Fld@charsize=\dimen108
Package hyperref Info: Hyper figures OFF on input line 5773.
Package hyperref Info: Link nesting OFF on input line 5778.
Package hyperref Info: Hyper index ON on input line 5781.
Package hyperref Info: backreferencing OFF on input line 5788.
Package hyperref Info: Link coloring OFF on input line 5793.
Package hyperref Info: Link coloring with OCG OFF on input line 5798.
Package hyperref Info: PDF/A mode OFF on input line 5803.
LaTeX Info: Redefining \ref on input line 5843.
LaTeX Info: Redefining \pageref on input line 5847.
\Hy@abspage=\count97
\c@Item=\count98
\c@Hfootnote=\count99
)

Package hyperref Message: Driver (autodetected): hpdftex.

("C:\Program Files (x86)\MiKTeX 2.9\tex\latex\hyperref\hpdftex.def"
File: hpdftex.def 2012/05/13 v6.82q Hyperref driver for pdfTeX
\Fld@listcount=\count100
\c@bookmark@seq@number=\count101

("C:\Program Files (x86)\MiKTeX 2.9\tex\latex\oberdiek\rerunfilecheck.sty"
Package: rerunfilecheck 2011/04/15 v1.7 Rerun checks for auxiliary files (HO)
Package uniquecounter Info: New unique counter `rerunfilecheck' on input line 2
82.
)
\Hy@SectionHShift=\skip43
)
("C:\Program Files (x86)\MiKTeX 2.9\tex\latex\oberdiek\bookmark.sty"
Package: bookmark 2011/12/02 v1.24 PDF bookmarks (HO)

("C:\Program Files (x86)\MiKTeX 2.9\tex\latex\oberdiek\auxhook.sty"
Package: auxhook 2011/03/04 v1.3 Hooks for auxiliary files (HO)
)
("C:\Program Files (x86)\MiKTeX 2.9\tex\latex\oberdiek\bkm-pdftex.def"
File: bkm-pdftex.def 2011/12/02 v1.24 bookmark driver for pdfTeX (HO)
\BKM@id=\count102
))
("C:\Program Files (x86)\MiKTeX 2.9\tex\latex\geometry\geometry.sty"
Package: geometry 2010/09/12 v5.6 Page Geometry
\Gm@cnth=\count103
\Gm@cntv=\count104
\c@Gm@tempcnt=\count105
\Gm@bindingoffset=\dimen109
\Gm@wd@mp=\dimen110
\Gm@odd@mp=\dimen111
\Gm@even@mp=\dimen112
\Gm@layoutwidth=\dimen113
\Gm@layoutheight=\dimen114
\Gm@layouthoffset=\dimen115
\Gm@layoutvoffset=\dimen116
\Gm@dimlist=\toks18

("C:\Program Files (x86)\MiKTeX 2.9\tex\latex\geometry\geometry.cfg"))
("C:\Program Files (x86)\MiKTeX 2.9\tex\latex\fancyhdr\fancyhdr.sty"
\fancy@headwidth=\skip44
\f@ncyO@elh=\skip45
\f@ncyO@erh=\skip46
\f@ncyO@olh=\skip47
\f@ncyO@orh=\skip48
\f@ncyO@elf=\skip49
\f@ncyO@erf=\skip50
\f@ncyO@olf=\skip51
\f@ncyO@orf=\skip52
)
("C:\Program Files (x86)\MiKTeX 2.9\tex\latex\oberdiek\epstopdf.sty"
Package: epstopdf 2010/02/09 v2.5 Conversion with epstopdf on the fly (HO)

("C:\Program Files (x86)\MiKTeX 2.9\tex\latex\oberdiek\epstopdf-base.sty"
Package: epstopdf-base 2010/02/09 v2.5 Base part for package epstopdf

("C:\Program Files (x86)\MiKTeX 2.9\tex\latex\oberdiek\grfext.sty"
Package: grfext 2010/08/19 v1.1 Manage graphics extensions (HO)
)
Package grfext Info: Graphics extension search list:
(grfext)             [.png,.pdf,.jpg,.mps,.jpeg,.jbig2,.jb2,.PNG,.PDF,.JPG,.JPE
G,.JBIG2,.JB2,.eps]
(grfext)             \AppendGraphicsExtensions on input line 452.
))
("C:\Program Files (x86)\MiKTeX 2.9\tex\latex\titlesec\titlesec.sty"
Package: titlesec 2016/03/21 v2.10.2 Sectioning titles
\ttl@box=\box26
\beforetitleunit=\skip53
\aftertitleunit=\skip54
\ttl@plus=\dimen117
\ttl@minus=\dimen118
\ttl@toksa=\toks19
\titlewidth=\dimen119
\titlewidthlast=\dimen120
\titlewidthfirst=\dimen121
)
("C:\Program Files (x86)\MiKTeX 2.9\tex\latex\tools\afterpage.sty"
Package: afterpage 1995/10/27 v1.08 After-Page Package (DPC)
\AP@output=\toks20
\AP@partial=\box27
\AP@footins=\box28
)
("C:\Program Files (x86)\MiKTeX 2.9\tex\latex\background\background.sty"
Package: background 2014/03/04 v2.1 background material

("C:\Program Files (x86)\MiKTeX 2.9\tex\latex\xkeyval\xkeyval.sty"
Package: xkeyval 2008/08/13 v2.6a package option processing (HA)

("C:\Program Files (x86)\MiKTeX 2.9\tex\generic\xkeyval\xkeyval.tex"
\XKV@toks=\toks21
\XKV@tempa@toks=\toks22
\XKV@depth=\count106
File: xkeyval.tex 2008/08/13 v2.6a key=value parser (HA)
))
("C:\Program Files (x86)\MiKTeX 2.9\tex\latex\pgf\frontendlayer\tikz.sty"
("C:\Program Files (x86)\MiKTeX 2.9\tex\latex\pgf\basiclayer\pgf.sty"
("C:\Program Files (x86)\MiKTeX 2.9\tex\latex\pgf\utilities\pgfrcs.sty"
("C:\Program Files (x86)\MiKTeX 2.9\tex\generic\pgf\utilities\pgfutil-common.te
x"
\pgfutil@everybye=\toks23
\pgfutil@tempdima=\dimen122
\pgfutil@tempdimb=\dimen123

("C:\Program Files (x86)\MiKTeX 2.9\tex\generic\pgf\utilities\pgfutil-common-li
sts.tex"))
("C:\Program Files (x86)\MiKTeX 2.9\tex\generic\pgf\utilities\pgfutil-latex.def
"
\pgfutil@abb=\box29
 ("C:\Program Files (x86)\MiKTeX 2.9\tex\latex\ms\everyshi.sty"
Package: everyshi 2001/05/15 v3.00 EveryShipout Package (MS)
))
("C:\Program Files (x86)\MiKTeX 2.9\tex\generic\pgf\utilities\pgfrcs.code.tex"
Package: pgfrcs 2015/08/07 v3.0.1a (rcs-revision 1.31)
))
Package: pgf 2015/08/07 v3.0.1a (rcs-revision 1.15)
 ("C:\Program Files (x86)\MiKTeX 2.9\tex\latex\pgf\basiclayer\pgfcore.sty"
("C:\Program Files (x86)\MiKTeX 2.9\tex\latex\pgf\systemlayer\pgfsys.sty"
("C:\Program Files (x86)\MiKTeX 2.9\tex\generic\pgf\systemlayer\pgfsys.code.tex
"
Package: pgfsys 2014/07/09 v3.0.1a (rcs-revision 1.48)
 ("C:\Program Files (x86)\MiKTeX 2.9\tex\generic\pgf\utilities\pgfkeys.code.tex
"
\pgfkeys@pathtoks=\toks24
\pgfkeys@temptoks=\toks25

("C:\Program Files (x86)\MiKTeX 2.9\tex\generic\pgf\utilities\pgfkeysfiltered.c
ode.tex"
\pgfkeys@tmptoks=\toks26
))
\pgf@x=\dimen124
\pgf@y=\dimen125
\pgf@xa=\dimen126
\pgf@ya=\dimen127
\pgf@xb=\dimen128
\pgf@yb=\dimen129
\pgf@xc=\dimen130
\pgf@yc=\dimen131
\w@pgf@writea=\write3
\r@pgf@reada=\read1
\c@pgf@counta=\count107
\c@pgf@countb=\count108
\c@pgf@countc=\count109
\c@pgf@countd=\count110
\t@pgf@toka=\toks27
\t@pgf@tokb=\toks28
\t@pgf@tokc=\toks29

("C:\Program Files (x86)\MiKTeX 2.9\tex\generic\pgf\systemlayer\pgf.cfg"
File: pgf.cfg 2008/05/14  (rcs-revision 1.7)
)
Driver file for pgf: pgfsys-pdftex.def

("C:\Program Files (x86)\MiKTeX 2.9\tex\generic\pgf\systemlayer\pgfsys-pdftex.d
ef"
File: pgfsys-pdftex.def 2014/10/11  (rcs-revision 1.35)

("C:\Program Files (x86)\MiKTeX 2.9\tex\generic\pgf\systemlayer\pgfsys-common-p
df.def"
File: pgfsys-common-pdf.def 2013/10/10  (rcs-revision 1.13)
)))
("C:\Program Files (x86)\MiKTeX 2.9\tex\generic\pgf\systemlayer\pgfsyssoftpath.
code.tex"
File: pgfsyssoftpath.code.tex 2013/09/09  (rcs-revision 1.9)
\pgfsyssoftpath@smallbuffer@items=\count111
\pgfsyssoftpath@bigbuffer@items=\count112
)
("C:\Program Files (x86)\MiKTeX 2.9\tex\generic\pgf\systemlayer\pgfsysprotocol.
code.tex"
File: pgfsysprotocol.code.tex 2006/10/16  (rcs-revision 1.4)
)) ("C:\Program Files (x86)\MiKTeX 2.9\tex\latex\xcolor\xcolor.sty"
Package: xcolor 2007/01/21 v2.11 LaTeX color extensions (UK)

("C:\Program Files (x86)\MiKTeX 2.9\tex\latex\00miktex\color.cfg"
File: color.cfg 2007/01/18 v1.5 color configuration of teTeX/TeXLive
)
Package xcolor Info: Driver file: pdftex.def on input line 225.
Package xcolor Info: Model `cmy' substituted by `cmy0' on input line 1337.
Package xcolor Info: Model `hsb' substituted by `rgb' on input line 1341.
Package xcolor Info: Model `RGB' extended on input line 1353.
Package xcolor Info: Model `HTML' substituted by `rgb' on input line 1355.
Package xcolor Info: Model `Hsb' substituted by `hsb' on input line 1356.
Package xcolor Info: Model `tHsb' substituted by `hsb' on input line 1357.
Package xcolor Info: Model `HSB' substituted by `hsb' on input line 1358.
Package xcolor Info: Model `Gray' substituted by `gray' on input line 1359.
Package xcolor Info: Model `wave' substituted by `hsb' on input line 1360.
)
("C:\Program Files (x86)\MiKTeX 2.9\tex\generic\pgf\basiclayer\pgfcore.code.tex
"
Package: pgfcore 2010/04/11 v3.0.1a (rcs-revision 1.7)
 ("C:\Program Files (x86)\MiKTeX 2.9\tex\generic\pgf\math\pgfmath.code.tex"
("C:\Program Files (x86)\MiKTeX 2.9\tex\generic\pgf\math\pgfmathcalc.code.tex"
("C:\Program Files (x86)\MiKTeX 2.9\tex\generic\pgf\math\pgfmathutil.code.tex")
("C:\Program Files (x86)\MiKTeX 2.9\tex\generic\pgf\math\pgfmathparser.code.tex
"
\pgfmath@dimen=\dimen132
\pgfmath@count=\count113
\pgfmath@box=\box30
\pgfmath@toks=\toks30
\pgfmath@stack@operand=\toks31
\pgfmath@stack@operation=\toks32
)
("C:\Program Files (x86)\MiKTeX 2.9\tex\generic\pgf\math\pgfmathfunctions.code.
tex"
("C:\Program Files (x86)\MiKTeX 2.9\tex\generic\pgf\math\pgfmathfunctions.basic
.code.tex")
("C:\Program Files (x86)\MiKTeX 2.9\tex\generic\pgf\math\pgfmathfunctions.trigo
nometric.code.tex")
("C:\Program Files (x86)\MiKTeX 2.9\tex\generic\pgf\math\pgfmathfunctions.rando
m.code.tex")
("C:\Program Files (x86)\MiKTeX 2.9\tex\generic\pgf\math\pgfmathfunctions.compa
rison.code.tex")
("C:\Program Files (x86)\MiKTeX 2.9\tex\generic\pgf\math\pgfmathfunctions.base.
code.tex")
("C:\Program Files (x86)\MiKTeX 2.9\tex\generic\pgf\math\pgfmathfunctions.round
.code.tex")
("C:\Program Files (x86)\MiKTeX 2.9\tex\generic\pgf\math\pgfmathfunctions.misc.
code.tex")
("C:\Program Files (x86)\MiKTeX 2.9\tex\generic\pgf\math\pgfmathfunctions.integ
erarithmetics.code.tex")))
("C:\Program Files (x86)\MiKTeX 2.9\tex\generic\pgf\math\pgfmathfloat.code.tex"
\c@pgfmathroundto@lastzeros=\count114
))
("C:\Program Files (x86)\MiKTeX 2.9\tex\generic\pgf\basiclayer\pgfcorepoints.co
de.tex"
File: pgfcorepoints.code.tex 2013/10/07  (rcs-revision 1.27)
\pgf@picminx=\dimen133
\pgf@picmaxx=\dimen134
\pgf@picminy=\dimen135
\pgf@picmaxy=\dimen136
\pgf@pathminx=\dimen137
\pgf@pathmaxx=\dimen138
\pgf@pathminy=\dimen139
\pgf@pathmaxy=\dimen140
\pgf@xx=\dimen141
\pgf@xy=\dimen142
\pgf@yx=\dimen143
\pgf@yy=\dimen144
\pgf@zx=\dimen145
\pgf@zy=\dimen146
)
("C:\Program Files (x86)\MiKTeX 2.9\tex\generic\pgf\basiclayer\pgfcorepathconst
ruct.code.tex"
File: pgfcorepathconstruct.code.tex 2013/10/07  (rcs-revision 1.29)
\pgf@path@lastx=\dimen147
\pgf@path@lasty=\dimen148
)
("C:\Program Files (x86)\MiKTeX 2.9\tex\generic\pgf\basiclayer\pgfcorepathusage
.code.tex"
File: pgfcorepathusage.code.tex 2014/11/02  (rcs-revision 1.24)
\pgf@shorten@end@additional=\dimen149
\pgf@shorten@start@additional=\dimen150
)
("C:\Program Files (x86)\MiKTeX 2.9\tex\generic\pgf\basiclayer\pgfcorescopes.co
de.tex"
File: pgfcorescopes.code.tex 2015/05/08  (rcs-revision 1.46)
\pgfpic=\box31
\pgf@hbox=\box32
\pgf@layerbox@main=\box33
\pgf@picture@serial@count=\count115
)
("C:\Program Files (x86)\MiKTeX 2.9\tex\generic\pgf\basiclayer\pgfcoregraphicst
ate.code.tex"
File: pgfcoregraphicstate.code.tex 2014/11/02  (rcs-revision 1.12)
\pgflinewidth=\dimen151
)
("C:\Program Files (x86)\MiKTeX 2.9\tex\generic\pgf\basiclayer\pgfcoretransform
ations.code.tex"
File: pgfcoretransformations.code.tex 2015/08/07  (rcs-revision 1.20)
\pgf@pt@x=\dimen152
\pgf@pt@y=\dimen153
\pgf@pt@temp=\dimen154
)
("C:\Program Files (x86)\MiKTeX 2.9\tex\generic\pgf\basiclayer\pgfcorequick.cod
e.tex"
File: pgfcorequick.code.tex 2008/10/09  (rcs-revision 1.3)
)
("C:\Program Files (x86)\MiKTeX 2.9\tex\generic\pgf\basiclayer\pgfcoreobjects.c
ode.tex"
File: pgfcoreobjects.code.tex 2006/10/11  (rcs-revision 1.2)
)
("C:\Program Files (x86)\MiKTeX 2.9\tex\generic\pgf\basiclayer\pgfcorepathproce
ssing.code.tex"
File: pgfcorepathprocessing.code.tex 2013/09/09  (rcs-revision 1.9)
)
("C:\Program Files (x86)\MiKTeX 2.9\tex\generic\pgf\basiclayer\pgfcorearrows.co
de.tex"
File: pgfcorearrows.code.tex 2015/05/14  (rcs-revision 1.43)
\pgfarrowsep=\dimen155
)
("C:\Program Files (x86)\MiKTeX 2.9\tex\generic\pgf\basiclayer\pgfcoreshade.cod
e.tex"
File: pgfcoreshade.code.tex 2013/07/15  (rcs-revision 1.15)
\pgf@max=\dimen156
\pgf@sys@shading@range@num=\count116
)
("C:\Program Files (x86)\MiKTeX 2.9\tex\generic\pgf\basiclayer\pgfcoreimage.cod
e.tex"
File: pgfcoreimage.code.tex 2013/07/15  (rcs-revision 1.18)

("C:\Program Files (x86)\MiKTeX 2.9\tex\generic\pgf\basiclayer\pgfcoreexternal.
code.tex"
File: pgfcoreexternal.code.tex 2014/07/09  (rcs-revision 1.21)
\pgfexternal@startupbox=\box34
))
("C:\Program Files (x86)\MiKTeX 2.9\tex\generic\pgf\basiclayer\pgfcorelayers.co
de.tex"
File: pgfcorelayers.code.tex 2013/07/18  (rcs-revision 1.7)
)
("C:\Program Files (x86)\MiKTeX 2.9\tex\generic\pgf\basiclayer\pgfcoretranspare
ncy.code.tex"
File: pgfcoretransparency.code.tex 2013/09/30  (rcs-revision 1.5)
)
("C:\Program Files (x86)\MiKTeX 2.9\tex\generic\pgf\basiclayer\pgfcorepatterns.
code.tex"
File: pgfcorepatterns.code.tex 2013/11/07  (rcs-revision 1.5)
)))
("C:\Program Files (x86)\MiKTeX 2.9\tex\generic\pgf\modules\pgfmoduleshapes.cod
e.tex"
File: pgfmoduleshapes.code.tex 2014/03/21  (rcs-revision 1.35)
\pgfnodeparttextbox=\box35
)
("C:\Program Files (x86)\MiKTeX 2.9\tex\generic\pgf\modules\pgfmoduleplot.code.
tex"
File: pgfmoduleplot.code.tex 2015/08/03  (rcs-revision 1.13)
)
("C:\Program Files (x86)\MiKTeX 2.9\tex\latex\pgf\compatibility\pgfcomp-version
-0-65.sty"
Package: pgfcomp-version-0-65 2007/07/03 v3.0.1a (rcs-revision 1.7)
\pgf@nodesepstart=\dimen157
\pgf@nodesepend=\dimen158
)
("C:\Program Files (x86)\MiKTeX 2.9\tex\latex\pgf\compatibility\pgfcomp-version
-1-18.sty"
Package: pgfcomp-version-1-18 2007/07/23 v3.0.1a (rcs-revision 1.1)
))
("C:\Program Files (x86)\MiKTeX 2.9\tex\latex\pgf\utilities\pgffor.sty"
("C:\Program Files (x86)\MiKTeX 2.9\tex\latex\pgf\utilities\pgfkeys.sty"
("C:\Program Files (x86)\MiKTeX 2.9\tex\generic\pgf\utilities\pgfkeys.code.tex"
)) ("C:\Program Files (x86)\MiKTeX 2.9\tex\latex\pgf\math\pgfmath.sty"
("C:\Program Files (x86)\MiKTeX 2.9\tex\generic\pgf\math\pgfmath.code.tex"))
("C:\Program Files (x86)\MiKTeX 2.9\tex\generic\pgf\utilities\pgffor.code.tex"
Package: pgffor 2013/12/13 v3.0.1a (rcs-revision 1.25)

("C:\Program Files (x86)\MiKTeX 2.9\tex\generic\pgf\math\pgfmath.code.tex")
\pgffor@iter=\dimen159
\pgffor@skip=\dimen160
\pgffor@stack=\toks33
\pgffor@toks=\toks34
))
("C:\Program Files (x86)\MiKTeX 2.9\tex\generic\pgf\frontendlayer\tikz\tikz.cod
e.tex"
Package: tikz 2015/08/07 v3.0.1a (rcs-revision 1.151)

("C:\Program Files (x86)\MiKTeX 2.9\tex\generic\pgf\libraries\pgflibraryplothan
dlers.code.tex"
File: pgflibraryplothandlers.code.tex 2013/08/31 v3.0.1a (rcs-revision 1.20)
\pgf@plot@mark@count=\count117
\pgfplotmarksize=\dimen161
)
\tikz@lastx=\dimen162
\tikz@lasty=\dimen163
\tikz@lastxsaved=\dimen164
\tikz@lastysaved=\dimen165
\tikzleveldistance=\dimen166
\tikzsiblingdistance=\dimen167
\tikz@figbox=\box36
\tikz@figbox@bg=\box37
\tikz@tempbox=\box38
\tikz@tempbox@bg=\box39
\tikztreelevel=\count118
\tikznumberofchildren=\count119
\tikznumberofcurrentchild=\count120
\tikz@fig@count=\count121

("C:\Program Files (x86)\MiKTeX 2.9\tex\generic\pgf\modules\pgfmodulematrix.cod
e.tex"
File: pgfmodulematrix.code.tex 2013/09/17  (rcs-revision 1.8)
\pgfmatrixcurrentrow=\count122
\pgfmatrixcurrentcolumn=\count123
\pgf@matrix@numberofcolumns=\count124
)
\tikz@expandcount=\count125

("C:\Program Files (x86)\MiKTeX 2.9\tex\generic\pgf\frontendlayer\tikz\librarie
s\tikzlibrarytopaths.code.tex"
File: tikzlibrarytopaths.code.tex 2008/06/17 v3.0.1a (rcs-revision 1.2)
)))
("C:\Program Files (x86)\MiKTeX 2.9\tex\latex\everypage\everypage.sty"
Package: everypage 2007/06/20 1.1 Hooks to run on every page
))
("C:\Program Files (x86)\MiKTeX 2.9\tex\latex\draftwatermark\draftwatermark.sty
"
Package: draftwatermark 2015/02/19 1.2 Put a gray textual watermark on document
 pages
\sc@wm@hcenter=\skip55
\sc@wm@vcenter=\skip56
\sc@wm@fontsize=\skip57
)
("C:\Users\Gonz\Documents\Escritos\LaTeX\Escritos y Poemas Tematicos\Escritos y
 Poemas Tematicos.aux"
("C:\Users\Gonz\Documents\Escritos\LaTeX\Escritos y Poemas Tematicos\01_Portada
.aux")
("C:\Users\Gonz\Documents\Escritos\LaTeX\Escritos y Poemas Tematicos\02_Descrip
cion.aux")
("C:\Users\Gonz\Documents\Escritos\LaTeX\Escritos y Poemas Tematicos\03_Silenci
o.aux")
("C:\Users\Gonz\Documents\Escritos\LaTeX\Escritos y Poemas Tematicos\04_Ave_del
_Ocaso.aux")
("C:\Users\Gonz\Documents\Escritos\LaTeX\Escritos y Poemas Tematicos\05_Sensaci
ones.aux")
("C:\Users\Gonz\Documents\Escritos\LaTeX\Escritos y Poemas Tematicos\06_El_Fueg
o_se_ha_de_Mantener.aux")
("C:\Users\Gonz\Documents\Escritos\LaTeX\Escritos y Poemas Tematicos\07_Mar_Pro
fundo.aux")
("C:\Users\Gonz\Documents\Escritos\LaTeX\Escritos y Poemas Tematicos\08_Un_Dia_
Mas.aux")
("C:\Users\Gonz\Documents\Escritos\LaTeX\Escritos y Poemas Tematicos\09_Ha_Naci
do.aux")
("C:\Users\Gonz\Documents\Escritos\LaTeX\Escritos y Poemas Tematicos\10_Viaje_E
stelar_p1.aux")
("C:\Users\Gonz\Documents\Escritos\LaTeX\Escritos y Poemas Tematicos\10_Viaje_E
stelar_p2.aux")
("C:\Users\Gonz\Documents\Escritos\LaTeX\Escritos y Poemas Tematicos\11_Vuelo_e
n_el_Horizonte.aux")
("C:\Users\Gonz\Documents\Escritos\LaTeX\Escritos y Poemas Tematicos\12_Instant
e.aux")
("C:\Users\Gonz\Documents\Escritos\LaTeX\Escritos y Poemas Tematicos\13_Un_Oscu
ro_Pasar.aux")
("C:\Users\Gonz\Documents\Escritos\LaTeX\Escritos y Poemas Tematicos\14_Heroe.a
ux")
("C:\Users\Gonz\Documents\Escritos\LaTeX\Escritos y Poemas Tematicos\15_Ilusion
.aux")
("C:\Users\Gonz\Documents\Escritos\LaTeX\Escritos y Poemas Tematicos\16_En_el_F
in_del_Mundo.aux")
("C:\Users\Gonz\Documents\Escritos\LaTeX\Escritos y Poemas Tematicos\17_Amor_In
condicional.aux")
("C:\Users\Gonz\Documents\Escritos\LaTeX\Escritos y Poemas Tematicos\18_Espejo.
aux")
("C:\Users\Gonz\Documents\Escritos\LaTeX\Escritos y Poemas Tematicos\19_Capitul
o_de_Vida.aux")
("C:\Users\Gonz\Documents\Escritos\LaTeX\Escritos y Poemas Tematicos\20_Cielo_E
strellado.aux")
("C:\Users\Gonz\Documents\Escritos\LaTeX\Escritos y Poemas Tematicos\21_La_Reun
ion.aux")
("C:\Users\Gonz\Documents\Escritos\LaTeX\Escritos y Poemas Tematicos\22_Hojas_a
l_Viento.aux")
("C:\Users\Gonz\Documents\Escritos\LaTeX\Escritos y Poemas Tematicos\23_El_Vers
o_se_hizo_Carne.aux"))
LaTeX Font Info:    Checking defaults for OML/cmm/m/it on input line 90.
LaTeX Font Info:    ... okay on input line 90.
LaTeX Font Info:    Checking defaults for T1/cmr/m/n on input line 90.
LaTeX Font Info:    ... okay on input line 90.
LaTeX Font Info:    Checking defaults for OT1/cmr/m/n on input line 90.
LaTeX Font Info:    ... okay on input line 90.
LaTeX Font Info:    Checking defaults for OMS/cmsy/m/n on input line 90.
LaTeX Font Info:    ... okay on input line 90.
LaTeX Font Info:    Checking defaults for OMX/cmex/m/n on input line 90.
LaTeX Font Info:    ... okay on input line 90.
LaTeX Font Info:    Checking defaults for U/cmr/m/n on input line 90.
LaTeX Font Info:    ... okay on input line 90.
LaTeX Font Info:    Checking defaults for PD1/pdf/m/n on input line 90.
LaTeX Font Info:    ... okay on input line 90.

("C:\Program Files (x86)\MiKTeX 2.9\tex\context\base\supp-pdf.mkii"
[Loading MPS to PDF converter (version 2006.09.02).]
\scratchcounter=\count126
\scratchdimen=\dimen168
\scratchbox=\box40
\nofMPsegments=\count127
\nofMParguments=\count128
\everyMPshowfont=\toks35
\MPscratchCnt=\count129
\MPscratchDim=\dimen169
\MPnumerator=\count130
\makeMPintoPDFobject=\count131
\everyMPtoPDFconversion=\toks36
)
\AtBeginShipoutBox=\box41
Package hyperref Info: Link coloring OFF on input line 90.
 ("C:\Program Files (x86)\MiKTeX 2.9\tex\latex\hyperref\nameref.sty"
Package: nameref 2010/04/30 v2.40 Cross-referencing by name of section

("C:\Program Files (x86)\MiKTeX 2.9\tex\generic\oberdiek\gettitlestring.sty"
Package: gettitlestring 2010/12/03 v1.4 Cleanup title references (HO)
)
\c@section@level=\count132
)
LaTeX Info: Redefining \ref on input line 90.
LaTeX Info: Redefining \pageref on input line 90.
LaTeX Info: Redefining \nameref on input line 90.

*geometry* driver: auto-detecting
*geometry* detected driver: pdftex
*geometry* verbose mode - [ preamble ] result:
* driver: pdftex
* paper: <default>
* layout: <same size as paper>
* layoutoffset:(h,v)=(0.0pt,0.0pt)
* modes: 
* h-part:(L,W,R)=(119.50148pt, 409.43526pt, 85.35826pt)
* v-part:(T,H,B)=(85.35826pt, 624.25346pt, 85.35826pt)
* \paperwidth=614.295pt
* \paperheight=794.96999pt
* \textwidth=409.43526pt
* \textheight=624.25346pt
* \oddsidemargin=47.23149pt
* \evensidemargin=47.23149pt
* \topmargin=-18.78552pt
* \headheight=12.0pt
* \headsep=19.8738pt
* \topskip=12.0pt
* \footskip=30.0pt
* \marginparwidth=47.0pt
* \marginparsep=7.0pt
* \columnsep=10.0pt
* \skip\footins=10.8pt plus 4.0pt minus 2.0pt
* \hoffset=0.0pt
* \voffset=0.0pt
* \mag=1000
* \@twocolumnfalse
* \@twosidefalse
* \@mparswitchfalse
* \@reversemarginfalse
* (1in=72.27pt=25.4mm, 1cm=28.453pt)

ABD: EveryShipout initializing macros
*geometry* verbose mode - [ newgeometry ] result:
* driver: pdftex
* paper: <default>
* layout: <same size as paper>
* layoutoffset:(h,v)=(0.0pt,0.0pt)
* modes: 
* h-part:(L,W,R)=(113.81102pt, 386.67296pt, 113.81102pt)
* v-part:(T,H,B)=(233.3125pt, 476.29922pt, 85.35826pt)
* \paperwidth=614.295pt
* \paperheight=794.96999pt
* \textwidth=386.67296pt
* \textheight=476.29922pt
* \oddsidemargin=41.54103pt
* \evensidemargin=41.54103pt
* \topmargin=129.16872pt
* \headheight=12.0pt
* \headsep=19.8738pt
* \topskip=12.0pt
* \footskip=30.0pt
* \marginparwidth=47.0pt
* \marginparsep=7.0pt
* \columnsep=10.0pt
* \skip\footins=10.8pt plus 4.0pt minus 2.0pt
* \hoffset=0.0pt
* \voffset=0.0pt
* \mag=1000
* \@twocolumnfalse
* \@twosidefalse
* \@mparswitchfalse
* \@reversemarginfalse
* (1in=72.27pt=25.4mm, 1cm=28.453pt)


("C:\Users\Gonz\Documents\Escritos\LaTeX\Escritos y Poemas Tematicos\01_Portada
.tex"
\tamanyo=\dimen170
\interlinea=\dimen171
LaTeX Font Info:    Try loading font information for OT1+pzc on input line 23.
 ("C:\Program Files (x86)\MiKTeX 2.9\tex\latex\psnfss\ot1pzc.fd"
File: ot1pzc.fd 2001/06/04 font definitions for OT1/pzc.
)
LaTeX Font Info:    Font shape `OT1/pzc/m/n' in size <60> not available
(Font)              Font shape `OT1/pzc/mb/it' tried instead on input line 23.
LaTeX Font Info:    Try loading font information for OT1+ppl on input line 27.

("C:\Program Files (x86)\MiKTeX 2.9\tex\latex\psnfss\ot1ppl.fd"
File: ot1ppl.fd 2001/06/04 font definitions for OT1/ppl.
)
LaTeX Font Info:    Font shape `OT1/ppl/bx/n' in size <14.4> not available
(Font)              Font shape `OT1/ppl/b/n' tried instead on input line 27.
)

LaTeX Font Warning: Font shape `OT1/cmr/m/n' in size <142.26378> not available
(Font)              size <24.88> substituted on input line 101.


LaTeX Font Warning: Font shape `OT1/cmr/m/sc' in size <142.26378> not available

(Font)              size <24.88> substituted on input line 101.

<./img/PortadaLow.png, id=6, 352.81418pt x 455.2441pt>
File: ./img/PortadaLow.png Graphic file (type png)

<use ./img/PortadaLow.png>
Package pdftex.def Info: ./img/PortadaLow.png used on input line 101.
(pdftex.def)             Requested size: 614.29547pt x 795.06363pt.
 [1{C:/ProgramData/MiKTeX/2.9/pdftex/config/pdftex.map}



 <C:/Users/Gonz/Documents/Escritos/LaTeX/Escritos y Poemas Tematicos/img/Portad
aLow.png>]
*geometry* verbose mode - [ newgeometry ] result:
* driver: pdftex
* paper: <default>
* layout: <same size as paper>
* layoutoffset:(h,v)=(0.0pt,0.0pt)
* modes: 
* h-part:(L,W,R)=(113.81102pt, 415.12572pt, 85.35826pt)
* v-part:(T,H,B)=(85.35826pt, 578.72888pt, 130.88284pt)
* \paperwidth=614.295pt
* \paperheight=794.96999pt
* \textwidth=415.12572pt
* \textheight=578.72888pt
* \oddsidemargin=41.54103pt
* \evensidemargin=41.54103pt
* \topmargin=-18.78552pt
* \headheight=12.0pt
* \headsep=19.8738pt
* \topskip=12.0pt
* \footskip=30.0pt
* \marginparwidth=47.0pt
* \marginparsep=7.0pt
* \columnsep=10.0pt
* \skip\footins=10.8pt plus 4.0pt minus 2.0pt
* \hoffset=0.0pt
* \voffset=0.0pt
* \mag=1000
* \@twocolumnfalse
* \@twosidefalse
* \@mparswitchfalse
* \@reversemarginfalse
* (1in=72.27pt=25.4mm, 1cm=28.453pt)


("C:\Users\Gonz\Documents\Escritos\LaTeX\Escritos y Poemas Tematicos\Escritos y
 Poemas Tematicos.toc"
LaTeX Font Info:    External font `cmex10' loaded for size
(Font)              <12> on input line 2.
LaTeX Font Info:    External font `cmex10' loaded for size
(Font)              <8> on input line 2.
LaTeX Font Info:    External font `cmex10' loaded for size
(Font)              <6> on input line 2.

<./img/Tribal_02_left_mini.png, id=37, 240.9pt x 135.50626pt>
File: ./img/Tribal_02_left_mini.png Graphic file (type png)

<use ./img/Tribal_02_left_mini.png>
Package pdftex.def Info: ./img/Tribal_02_left_mini.png used on input line 24.
(pdftex.def)             Requested size: 83.02386pt x 46.70007pt.

<./img/Tribal_01_mini.png, id=39, 366.36874pt x 135.50626pt>
File: ./img/Tribal_01_mini.png Graphic file (type png)

<use ./img/Tribal_01_mini.png>
Package pdftex.def Info: ./img/Tribal_01_mini.png used on input line 24.
(pdftex.def)             Requested size: 99.63245pt x 36.84976pt.

<./img/Tribal_02_right_mini.png, id=40, 240.9pt x 135.50626pt>
File: ./img/Tribal_02_right_mini.png Graphic file (type png)

<use ./img/Tribal_02_right_mini.png>
Package pdftex.def Info: ./img/Tribal_02_right_mini.png used on input line 24.
(pdftex.def)             Requested size: 83.02386pt x 46.70007pt.


Package Fancyhdr Warning: \headheight is too small (12.0pt): 
 Make it at least 51.05011pt.
 We now make it that large for the rest of the document.
 This may cause the page layout to be inconsistent, however.

[1




 <C:/Users/Gonz/Documents/Escritos/LaTeX/Escritos y Poemas Tematicos/img/Tribal
_02_left_mini.png> <C:/Users/Gonz/Documents/Escritos/LaTeX/Escritos y Poemas Te
maticos/img/Tribal_01_mini.png> <C:/Users/Gonz/Documents/Escritos/LaTeX/Escrito
s y Poemas Tematicos/img/Tribal_02_right_mini.png>])
\tf@toc=\write4
 [2]
\c@descripcion=\count133

("C:\Users\Gonz\Documents\Escritos\LaTeX\Escritos y Poemas Tematicos\02_Descrip
cion.tex")
File: ./img/Tribal_02_left_mini.png Graphic file (type png)
 <use ./img/Tribal_02_left_mini.png>
Package pdftex.def Info: ./img/Tribal_02_left_mini.png used on input line 152.
(pdftex.def)             Requested size: 83.02386pt x 46.70007pt.
File: ./img/Tribal_01_mini.png Graphic file (type png)
 <use ./img/Tribal_01_mini.png>
Package pdftex.def Info: ./img/Tribal_01_mini.png used on input line 152.
(pdftex.def)             Requested size: 99.63245pt x 36.84976pt.
File: ./img/Tribal_02_right_mini.png Graphic file (type png)

<use ./img/Tribal_02_right_mini.png>
Package pdftex.def Info: ./img/Tribal_02_right_mini.png used on input line 152.

(pdftex.def)             Requested size: 83.02386pt x 46.70007pt.
pdfTeX warning (ext4): destination with the same identifier (name{page.1}) has 
been already used, duplicate ignored
<to be read again> 
                   \relax 
l.152 \include{02_Descripcion}
                               [1


]
\c@silencio=\count134

("C:\Users\Gonz\Documents\Escritos\LaTeX\Escritos y Poemas Tematicos\03_Silenci
o.tex"
File: ./img/Tribal_02_left_mini.png Graphic file (type png)
 <use ./img/Tribal_02_left_mini.png>
Package pdftex.def Info: ./img/Tribal_02_left_mini.png used on input line 47.
(pdftex.def)             Requested size: 83.02386pt x 46.70007pt.
File: ./img/Tribal_01_mini.png Graphic file (type png)
 <use ./img/Tribal_01_mini.png>
Package pdftex.def Info: ./img/Tribal_01_mini.png used on input line 47.
(pdftex.def)             Requested size: 99.63245pt x 36.84976pt.
File: ./img/Tribal_02_right_mini.png Graphic file (type png)

<use ./img/Tribal_02_right_mini.png>
Package pdftex.def Info: ./img/Tribal_02_right_mini.png used on input line 47.
(pdftex.def)             Requested size: 83.02386pt x 46.70007pt.
 [2


])
File: ./img/Tribal_02_left_mini.png Graphic file (type png)
 <use ./img/Tribal_02_left_mini.png>
Package pdftex.def Info: ./img/Tribal_02_left_mini.png used on input line 159.
(pdftex.def)             Requested size: 83.02386pt x 46.70007pt.
File: ./img/Tribal_01_mini.png Graphic file (type png)

<use ./img/Tribal_01_mini.png>
Package pdftex.def Info: ./img/Tribal_01_mini.png used on input line 159.
(pdftex.def)             Requested size: 99.63245pt x 36.84976pt.
File: ./img/Tribal_02_right_mini.png Graphic file (type png)
 <use ./img/Tribal_02_right_mini.png>
Package pdftex.def Info: ./img/Tribal_02_right_mini.png used on input line 159.

(pdftex.def)             Requested size: 83.02386pt x 46.70007pt.
 [3]
\c@avedelocaso=\count135

("C:\Users\Gonz\Documents\Escritos\LaTeX\Escritos y Poemas Tematicos\04_Ave_del
_Ocaso.tex")
File: ./img/Tribal_02_left_mini.png Graphic file (type png)
 <use ./img/Tribal_02_left_mini.png>
Package pdftex.def Info: ./img/Tribal_02_left_mini.png used on input line 165.
(pdftex.def)             Requested size: 83.02386pt x 46.70007pt.
File: ./img/Tribal_01_mini.png Graphic file (type png)

<use ./img/Tribal_01_mini.png>
Package pdftex.def Info: ./img/Tribal_01_mini.png used on input line 165.
(pdftex.def)             Requested size: 99.63245pt x 36.84976pt.
File: ./img/Tribal_02_right_mini.png Graphic file (type png)
 <use ./img/Tribal_02_right_mini.png>
Package pdftex.def Info: ./img/Tribal_02_right_mini.png used on input line 165.

(pdftex.def)             Requested size: 83.02386pt x 46.70007pt.
 [4


]
\c@sensaciones=\count136

("C:\Users\Gonz\Documents\Escritos\LaTeX\Escritos y Poemas Tematicos\05_Sensaci
ones.tex"
File: ./img/Tribal_02_left_mini.png Graphic file (type png)
 <use ./img/Tribal_02_left_mini.png>
Package pdftex.def Info: ./img/Tribal_02_left_mini.png used on input line 46.
(pdftex.def)             Requested size: 83.02386pt x 46.70007pt.
File: ./img/Tribal_01_mini.png Graphic file (type png)
 <use ./img/Tribal_01_mini.png>
Package pdftex.def Info: ./img/Tribal_01_mini.png used on input line 46.
(pdftex.def)             Requested size: 99.63245pt x 36.84976pt.
File: ./img/Tribal_02_right_mini.png Graphic file (type png)

<use ./img/Tribal_02_right_mini.png>
Package pdftex.def Info: ./img/Tribal_02_right_mini.png used on input line 46.
(pdftex.def)             Requested size: 83.02386pt x 46.70007pt.
 [5


])
File: ./img/Tribal_02_left_mini.png Graphic file (type png)
 <use ./img/Tribal_02_left_mini.png>
Package pdftex.def Info: ./img/Tribal_02_left_mini.png used on input line 171.
(pdftex.def)             Requested size: 83.02386pt x 46.70007pt.
File: ./img/Tribal_01_mini.png Graphic file (type png)

<use ./img/Tribal_01_mini.png>
Package pdftex.def Info: ./img/Tribal_01_mini.png used on input line 171.
(pdftex.def)             Requested size: 99.63245pt x 36.84976pt.
File: ./img/Tribal_02_right_mini.png Graphic file (type png)
 <use ./img/Tribal_02_right_mini.png>
Package pdftex.def Info: ./img/Tribal_02_right_mini.png used on input line 171.

(pdftex.def)             Requested size: 83.02386pt x 46.70007pt.
 [6]
\c@elfuegoseha=\count137

("C:\Users\Gonz\Documents\Escritos\LaTeX\Escritos y Poemas Tematicos\06_El_Fueg
o_se_ha_de_Mantener.tex"
File: ./img/Tribal_02_left_mini.png Graphic file (type png)
 <use ./img/Tribal_02_left_mini.png>
Package pdftex.def Info: ./img/Tribal_02_left_mini.png used on input line 48.
(pdftex.def)             Requested size: 83.02386pt x 46.70007pt.
File: ./img/Tribal_01_mini.png Graphic file (type png)

<use ./img/Tribal_01_mini.png>
Package pdftex.def Info: ./img/Tribal_01_mini.png used on input line 48.
(pdftex.def)             Requested size: 99.63245pt x 36.84976pt.
File: ./img/Tribal_02_right_mini.png Graphic file (type png)
 <use ./img/Tribal_02_right_mini.png>
Package pdftex.def Info: ./img/Tribal_02_right_mini.png used on input line 48.
(pdftex.def)             Requested size: 83.02386pt x 46.70007pt.
 [7


])
File: ./img/Tribal_02_left_mini.png Graphic file (type png)

<use ./img/Tribal_02_left_mini.png>
Package pdftex.def Info: ./img/Tribal_02_left_mini.png used on input line 177.
(pdftex.def)             Requested size: 83.02386pt x 46.70007pt.
File: ./img/Tribal_01_mini.png Graphic file (type png)
 <use ./img/Tribal_01_mini.png>
Package pdftex.def Info: ./img/Tribal_01_mini.png used on input line 177.
(pdftex.def)             Requested size: 99.63245pt x 36.84976pt.
File: ./img/Tribal_02_right_mini.png Graphic file (type png)

<use ./img/Tribal_02_right_mini.png>
Package pdftex.def Info: ./img/Tribal_02_right_mini.png used on input line 177.

(pdftex.def)             Requested size: 83.02386pt x 46.70007pt.
 [8]
\c@marprofundo=\count138

("C:\Users\Gonz\Documents\Escritos\LaTeX\Escritos y Poemas Tematicos\07_Mar_Pro
fundo.tex"
File: ./img/Tribal_02_left_mini.png Graphic file (type png)
 <use ./img/Tribal_02_left_mini.png>
Package pdftex.def Info: ./img/Tribal_02_left_mini.png used on input line 48.
(pdftex.def)             Requested size: 83.02386pt x 46.70007pt.
File: ./img/Tribal_01_mini.png Graphic file (type png)
 <use ./img/Tribal_01_mini.png>
Package pdftex.def Info: ./img/Tribal_01_mini.png used on input line 48.
(pdftex.def)             Requested size: 99.63245pt x 36.84976pt.
File: ./img/Tribal_02_right_mini.png Graphic file (type png)

<use ./img/Tribal_02_right_mini.png>
Package pdftex.def Info: ./img/Tribal_02_right_mini.png used on input line 48.
(pdftex.def)             Requested size: 83.02386pt x 46.70007pt.
 [9


])
File: ./img/Tribal_02_left_mini.png Graphic file (type png)
 <use ./img/Tribal_02_left_mini.png>
Package pdftex.def Info: ./img/Tribal_02_left_mini.png used on input line 183.
(pdftex.def)             Requested size: 83.02386pt x 46.70007pt.
File: ./img/Tribal_01_mini.png Graphic file (type png)

<use ./img/Tribal_01_mini.png>
Package pdftex.def Info: ./img/Tribal_01_mini.png used on input line 183.
(pdftex.def)             Requested size: 99.63245pt x 36.84976pt.
File: ./img/Tribal_02_right_mini.png Graphic file (type png)
 <use ./img/Tribal_02_right_mini.png>
Package pdftex.def Info: ./img/Tribal_02_right_mini.png used on input line 183.

(pdftex.def)             Requested size: 83.02386pt x 46.70007pt.
 [10]
\c@undiamas=\count139

("C:\Users\Gonz\Documents\Escritos\LaTeX\Escritos y Poemas Tematicos\08_Un_Dia_
Mas.tex"
File: ./img/Tribal_02_left_mini.png Graphic file (type png)
 <use ./img/Tribal_02_left_mini.png>
Package pdftex.def Info: ./img/Tribal_02_left_mini.png used on input line 48.
(pdftex.def)             Requested size: 83.02386pt x 46.70007pt.
File: ./img/Tribal_01_mini.png Graphic file (type png)
 <use ./img/Tribal_01_mini.png>
Package pdftex.def Info: ./img/Tribal_01_mini.png used on input line 48.
(pdftex.def)             Requested size: 99.63245pt x 36.84976pt.
File: ./img/Tribal_02_right_mini.png Graphic file (type png)

<use ./img/Tribal_02_right_mini.png>
Package pdftex.def Info: ./img/Tribal_02_right_mini.png used on input line 48.
(pdftex.def)             Requested size: 83.02386pt x 46.70007pt.
 [11


])
File: ./img/Tribal_02_left_mini.png Graphic file (type png)
 <use ./img/Tribal_02_left_mini.png>
Package pdftex.def Info: ./img/Tribal_02_left_mini.png used on input line 189.
(pdftex.def)             Requested size: 83.02386pt x 46.70007pt.
File: ./img/Tribal_01_mini.png Graphic file (type png)

<use ./img/Tribal_01_mini.png>
Package pdftex.def Info: ./img/Tribal_01_mini.png used on input line 189.
(pdftex.def)             Requested size: 99.63245pt x 36.84976pt.
File: ./img/Tribal_02_right_mini.png Graphic file (type png)
 <use ./img/Tribal_02_right_mini.png>
Package pdftex.def Info: ./img/Tribal_02_right_mini.png used on input line 189.

(pdftex.def)             Requested size: 83.02386pt x 46.70007pt.
 [12]
\c@hanacido=\count140

("C:\Users\Gonz\Documents\Escritos\LaTeX\Escritos y Poemas Tematicos\09_Ha_Naci
do.tex"
File: ./img/Tribal_02_left_mini.png Graphic file (type png)
 <use ./img/Tribal_02_left_mini.png>
Package pdftex.def Info: ./img/Tribal_02_left_mini.png used on input line 49.
(pdftex.def)             Requested size: 83.02386pt x 46.70007pt.
File: ./img/Tribal_01_mini.png Graphic file (type png)
 <use ./img/Tribal_01_mini.png>
Package pdftex.def Info: ./img/Tribal_01_mini.png used on input line 49.
(pdftex.def)             Requested size: 99.63245pt x 36.84976pt.
File: ./img/Tribal_02_right_mini.png Graphic file (type png)

<use ./img/Tribal_02_right_mini.png>
Package pdftex.def Info: ./img/Tribal_02_right_mini.png used on input line 49.
(pdftex.def)             Requested size: 83.02386pt x 46.70007pt.
 [13


])
File: ./img/Tribal_02_left_mini.png Graphic file (type png)
 <use ./img/Tribal_02_left_mini.png>
Package pdftex.def Info: ./img/Tribal_02_left_mini.png used on input line 195.
(pdftex.def)             Requested size: 83.02386pt x 46.70007pt.
File: ./img/Tribal_01_mini.png Graphic file (type png)

<use ./img/Tribal_01_mini.png>
Package pdftex.def Info: ./img/Tribal_01_mini.png used on input line 195.
(pdftex.def)             Requested size: 99.63245pt x 36.84976pt.
File: ./img/Tribal_02_right_mini.png Graphic file (type png)
 <use ./img/Tribal_02_right_mini.png>
Package pdftex.def Info: ./img/Tribal_02_right_mini.png used on input line 195.

(pdftex.def)             Requested size: 83.02386pt x 46.70007pt.
 [14]
\c@viajeestelarone=\count141

("C:\Users\Gonz\Documents\Escritos\LaTeX\Escritos y Poemas Tematicos\10_Viaje_E
stelar_p1.tex"
File: ./img/Tribal_02_left_mini.png Graphic file (type png)
 <use ./img/Tribal_02_left_mini.png>
Package pdftex.def Info: ./img/Tribal_02_left_mini.png used on input line 48.
(pdftex.def)             Requested size: 83.02386pt x 46.70007pt.
File: ./img/Tribal_01_mini.png Graphic file (type png)

<use ./img/Tribal_01_mini.png>
Package pdftex.def Info: ./img/Tribal_01_mini.png used on input line 48.
(pdftex.def)             Requested size: 99.63245pt x 36.84976pt.
File: ./img/Tribal_02_right_mini.png Graphic file (type png)
 <use ./img/Tribal_02_right_mini.png>
Package pdftex.def Info: ./img/Tribal_02_right_mini.png used on input line 48.
(pdftex.def)             Requested size: 83.02386pt x 46.70007pt.
 [15


])
File: ./img/Tribal_02_left_mini.png Graphic file (type png)

<use ./img/Tribal_02_left_mini.png>
Package pdftex.def Info: ./img/Tribal_02_left_mini.png used on input line 201.
(pdftex.def)             Requested size: 83.02386pt x 46.70007pt.
File: ./img/Tribal_01_mini.png Graphic file (type png)
 <use ./img/Tribal_01_mini.png>
Package pdftex.def Info: ./img/Tribal_01_mini.png used on input line 201.
(pdftex.def)             Requested size: 99.63245pt x 36.84976pt.
File: ./img/Tribal_02_right_mini.png Graphic file (type png)

<use ./img/Tribal_02_right_mini.png>
Package pdftex.def Info: ./img/Tribal_02_right_mini.png used on input line 201.

(pdftex.def)             Requested size: 83.02386pt x 46.70007pt.
 [16]
\c@viajeestelartwo=\count142

("C:\Users\Gonz\Documents\Escritos\LaTeX\Escritos y Poemas Tematicos\10_Viaje_E
stelar_p2.tex"
File: ./img/Tribal_02_left_mini.png Graphic file (type png)
 <use ./img/Tribal_02_left_mini.png>
Package pdftex.def Info: ./img/Tribal_02_left_mini.png used on input line 47.
(pdftex.def)             Requested size: 83.02386pt x 46.70007pt.
File: ./img/Tribal_01_mini.png Graphic file (type png)

<use ./img/Tribal_01_mini.png>
Package pdftex.def Info: ./img/Tribal_01_mini.png used on input line 47.
(pdftex.def)             Requested size: 99.63245pt x 36.84976pt.
File: ./img/Tribal_02_right_mini.png Graphic file (type png)
 <use ./img/Tribal_02_right_mini.png>
Package pdftex.def Info: ./img/Tribal_02_right_mini.png used on input line 47.
(pdftex.def)             Requested size: 83.02386pt x 46.70007pt.
 [17


])
File: ./img/Tribal_02_left_mini.png Graphic file (type png)

<use ./img/Tribal_02_left_mini.png>
Package pdftex.def Info: ./img/Tribal_02_left_mini.png used on input line 207.
(pdftex.def)             Requested size: 83.02386pt x 46.70007pt.
File: ./img/Tribal_01_mini.png Graphic file (type png)
 <use ./img/Tribal_01_mini.png>
Package pdftex.def Info: ./img/Tribal_01_mini.png used on input line 207.
(pdftex.def)             Requested size: 99.63245pt x 36.84976pt.
File: ./img/Tribal_02_right_mini.png Graphic file (type png)

<use ./img/Tribal_02_right_mini.png>
Package pdftex.def Info: ./img/Tribal_02_right_mini.png used on input line 207.

(pdftex.def)             Requested size: 83.02386pt x 46.70007pt.
 [18]
\c@vueloenelhor=\count143

("C:\Users\Gonz\Documents\Escritos\LaTeX\Escritos y Poemas Tematicos\11_Vuelo_e
n_el_Horizonte.tex"
File: ./img/Tribal_02_left_mini.png Graphic file (type png)
 <use ./img/Tribal_02_left_mini.png>
Package pdftex.def Info: ./img/Tribal_02_left_mini.png used on input line 49.
(pdftex.def)             Requested size: 83.02386pt x 46.70007pt.
File: ./img/Tribal_01_mini.png Graphic file (type png)

<use ./img/Tribal_01_mini.png>
Package pdftex.def Info: ./img/Tribal_01_mini.png used on input line 49.
(pdftex.def)             Requested size: 99.63245pt x 36.84976pt.
File: ./img/Tribal_02_right_mini.png Graphic file (type png)
 <use ./img/Tribal_02_right_mini.png>
Package pdftex.def Info: ./img/Tribal_02_right_mini.png used on input line 49.
(pdftex.def)             Requested size: 83.02386pt x 46.70007pt.
 [19


])
File: ./img/Tribal_02_left_mini.png Graphic file (type png)

<use ./img/Tribal_02_left_mini.png>
Package pdftex.def Info: ./img/Tribal_02_left_mini.png used on input line 213.
(pdftex.def)             Requested size: 83.02386pt x 46.70007pt.
File: ./img/Tribal_01_mini.png Graphic file (type png)
 <use ./img/Tribal_01_mini.png>
Package pdftex.def Info: ./img/Tribal_01_mini.png used on input line 213.
(pdftex.def)             Requested size: 99.63245pt x 36.84976pt.
File: ./img/Tribal_02_right_mini.png Graphic file (type png)

<use ./img/Tribal_02_right_mini.png>
Package pdftex.def Info: ./img/Tribal_02_right_mini.png used on input line 213.

(pdftex.def)             Requested size: 83.02386pt x 46.70007pt.
 [20]
\c@instante=\count144

("C:\Users\Gonz\Documents\Escritos\LaTeX\Escritos y Poemas Tematicos\12_Instant
e.tex"
File: ./img/Tribal_02_left_mini.png Graphic file (type png)
 <use ./img/Tribal_02_left_mini.png>
Package pdftex.def Info: ./img/Tribal_02_left_mini.png used on input line 49.
(pdftex.def)             Requested size: 83.02386pt x 46.70007pt.
File: ./img/Tribal_01_mini.png Graphic file (type png)
 <use ./img/Tribal_01_mini.png>
Package pdftex.def Info: ./img/Tribal_01_mini.png used on input line 49.
(pdftex.def)             Requested size: 99.63245pt x 36.84976pt.
File: ./img/Tribal_02_right_mini.png Graphic file (type png)

<use ./img/Tribal_02_right_mini.png>
Package pdftex.def Info: ./img/Tribal_02_right_mini.png used on input line 49.
(pdftex.def)             Requested size: 83.02386pt x 46.70007pt.
 [21


])
File: ./img/Tribal_02_left_mini.png Graphic file (type png)
 <use ./img/Tribal_02_left_mini.png>
Package pdftex.def Info: ./img/Tribal_02_left_mini.png used on input line 219.
(pdftex.def)             Requested size: 83.02386pt x 46.70007pt.
File: ./img/Tribal_01_mini.png Graphic file (type png)

<use ./img/Tribal_01_mini.png>
Package pdftex.def Info: ./img/Tribal_01_mini.png used on input line 219.
(pdftex.def)             Requested size: 99.63245pt x 36.84976pt.
File: ./img/Tribal_02_right_mini.png Graphic file (type png)
 <use ./img/Tribal_02_right_mini.png>
Package pdftex.def Info: ./img/Tribal_02_right_mini.png used on input line 219.

(pdftex.def)             Requested size: 83.02386pt x 46.70007pt.
 [22]
\c@oscuropasar=\count145

("C:\Users\Gonz\Documents\Escritos\LaTeX\Escritos y Poemas Tematicos\13_Un_Oscu
ro_Pasar.tex"
File: ./img/Tribal_02_left_mini.png Graphic file (type png)
 <use ./img/Tribal_02_left_mini.png>
Package pdftex.def Info: ./img/Tribal_02_left_mini.png used on input line 49.
(pdftex.def)             Requested size: 83.02386pt x 46.70007pt.
File: ./img/Tribal_01_mini.png Graphic file (type png)

<use ./img/Tribal_01_mini.png>
Package pdftex.def Info: ./img/Tribal_01_mini.png used on input line 49.
(pdftex.def)             Requested size: 99.63245pt x 36.84976pt.
File: ./img/Tribal_02_right_mini.png Graphic file (type png)
 <use ./img/Tribal_02_right_mini.png>
Package pdftex.def Info: ./img/Tribal_02_right_mini.png used on input line 49.
(pdftex.def)             Requested size: 83.02386pt x 46.70007pt.
 [23


])
File: ./img/Tribal_02_left_mini.png Graphic file (type png)

<use ./img/Tribal_02_left_mini.png>
Package pdftex.def Info: ./img/Tribal_02_left_mini.png used on input line 225.
(pdftex.def)             Requested size: 83.02386pt x 46.70007pt.
File: ./img/Tribal_01_mini.png Graphic file (type png)
 <use ./img/Tribal_01_mini.png>
Package pdftex.def Info: ./img/Tribal_01_mini.png used on input line 225.
(pdftex.def)             Requested size: 99.63245pt x 36.84976pt.
File: ./img/Tribal_02_right_mini.png Graphic file (type png)

<use ./img/Tribal_02_right_mini.png>
Package pdftex.def Info: ./img/Tribal_02_right_mini.png used on input line 225.

(pdftex.def)             Requested size: 83.02386pt x 46.70007pt.
 [24]
\c@heroe=\count146

("C:\Users\Gonz\Documents\Escritos\LaTeX\Escritos y Poemas Tematicos\14_Heroe.t
ex"
File: ./img/Tribal_02_left_mini.png Graphic file (type png)
 <use ./img/Tribal_02_left_mini.png>
Package pdftex.def Info: ./img/Tribal_02_left_mini.png used on input line 49.
(pdftex.def)             Requested size: 83.02386pt x 46.70007pt.
File: ./img/Tribal_01_mini.png Graphic file (type png)
 <use ./img/Tribal_01_mini.png>
Package pdftex.def Info: ./img/Tribal_01_mini.png used on input line 49.
(pdftex.def)             Requested size: 99.63245pt x 36.84976pt.
File: ./img/Tribal_02_right_mini.png Graphic file (type png)

<use ./img/Tribal_02_right_mini.png>
Package pdftex.def Info: ./img/Tribal_02_right_mini.png used on input line 49.
(pdftex.def)             Requested size: 83.02386pt x 46.70007pt.
 [25


])
File: ./img/Tribal_02_left_mini.png Graphic file (type png)
 <use ./img/Tribal_02_left_mini.png>
Package pdftex.def Info: ./img/Tribal_02_left_mini.png used on input line 231.
(pdftex.def)             Requested size: 83.02386pt x 46.70007pt.
File: ./img/Tribal_01_mini.png Graphic file (type png)

<use ./img/Tribal_01_mini.png>
Package pdftex.def Info: ./img/Tribal_01_mini.png used on input line 231.
(pdftex.def)             Requested size: 99.63245pt x 36.84976pt.
File: ./img/Tribal_02_right_mini.png Graphic file (type png)
 <use ./img/Tribal_02_right_mini.png>
Package pdftex.def Info: ./img/Tribal_02_right_mini.png used on input line 231.

(pdftex.def)             Requested size: 83.02386pt x 46.70007pt.
 [26]
\c@ilusion=\count147

("C:\Users\Gonz\Documents\Escritos\LaTeX\Escritos y Poemas Tematicos\15_Ilusion
.tex"
File: ./img/Tribal_02_left_mini.png Graphic file (type png)
 <use ./img/Tribal_02_left_mini.png>
Package pdftex.def Info: ./img/Tribal_02_left_mini.png used on input line 49.
(pdftex.def)             Requested size: 83.02386pt x 46.70007pt.
File: ./img/Tribal_01_mini.png Graphic file (type png)
 <use ./img/Tribal_01_mini.png>
Package pdftex.def Info: ./img/Tribal_01_mini.png used on input line 49.
(pdftex.def)             Requested size: 99.63245pt x 36.84976pt.
File: ./img/Tribal_02_right_mini.png Graphic file (type png)

<use ./img/Tribal_02_right_mini.png>
Package pdftex.def Info: ./img/Tribal_02_right_mini.png used on input line 49.
(pdftex.def)             Requested size: 83.02386pt x 46.70007pt.
 [27


])
File: ./img/Tribal_02_left_mini.png Graphic file (type png)
 <use ./img/Tribal_02_left_mini.png>
Package pdftex.def Info: ./img/Tribal_02_left_mini.png used on input line 237.
(pdftex.def)             Requested size: 83.02386pt x 46.70007pt.
File: ./img/Tribal_01_mini.png Graphic file (type png)

<use ./img/Tribal_01_mini.png>
Package pdftex.def Info: ./img/Tribal_01_mini.png used on input line 237.
(pdftex.def)             Requested size: 99.63245pt x 36.84976pt.
File: ./img/Tribal_02_right_mini.png Graphic file (type png)
 <use ./img/Tribal_02_right_mini.png>
Package pdftex.def Info: ./img/Tribal_02_right_mini.png used on input line 237.

(pdftex.def)             Requested size: 83.02386pt x 46.70007pt.
 [28]
\c@enelfindelmundo=\count148

("C:\Users\Gonz\Documents\Escritos\LaTeX\Escritos y Poemas Tematicos\16_En_el_F
in_del_Mundo.tex"
File: ./img/Tribal_02_left_mini.png Graphic file (type png)
 <use ./img/Tribal_02_left_mini.png>
Package pdftex.def Info: ./img/Tribal_02_left_mini.png used on input line 49.
(pdftex.def)             Requested size: 83.02386pt x 46.70007pt.
File: ./img/Tribal_01_mini.png Graphic file (type png)

<use ./img/Tribal_01_mini.png>
Package pdftex.def Info: ./img/Tribal_01_mini.png used on input line 49.
(pdftex.def)             Requested size: 99.63245pt x 36.84976pt.
File: ./img/Tribal_02_right_mini.png Graphic file (type png)
 <use ./img/Tribal_02_right_mini.png>
Package pdftex.def Info: ./img/Tribal_02_right_mini.png used on input line 49.
(pdftex.def)             Requested size: 83.02386pt x 46.70007pt.
 [29


])
File: ./img/Tribal_02_left_mini.png Graphic file (type png)

<use ./img/Tribal_02_left_mini.png>
Package pdftex.def Info: ./img/Tribal_02_left_mini.png used on input line 243.
(pdftex.def)             Requested size: 83.02386pt x 46.70007pt.
File: ./img/Tribal_01_mini.png Graphic file (type png)
 <use ./img/Tribal_01_mini.png>
Package pdftex.def Info: ./img/Tribal_01_mini.png used on input line 243.
(pdftex.def)             Requested size: 99.63245pt x 36.84976pt.
File: ./img/Tribal_02_right_mini.png Graphic file (type png)

<use ./img/Tribal_02_right_mini.png>
Package pdftex.def Info: ./img/Tribal_02_right_mini.png used on input line 243.

(pdftex.def)             Requested size: 83.02386pt x 46.70007pt.
 [30]
\c@amorincondicional=\count149

("C:\Users\Gonz\Documents\Escritos\LaTeX\Escritos y Poemas Tematicos\17_Amor_In
condicional.tex"
File: ./img/Tribal_02_left_mini.png Graphic file (type png)
 <use ./img/Tribal_02_left_mini.png>
Package pdftex.def Info: ./img/Tribal_02_left_mini.png used on input line 49.
(pdftex.def)             Requested size: 83.02386pt x 46.70007pt.
File: ./img/Tribal_01_mini.png Graphic file (type png)

<use ./img/Tribal_01_mini.png>
Package pdftex.def Info: ./img/Tribal_01_mini.png used on input line 49.
(pdftex.def)             Requested size: 99.63245pt x 36.84976pt.
File: ./img/Tribal_02_right_mini.png Graphic file (type png)
 <use ./img/Tribal_02_right_mini.png>
Package pdftex.def Info: ./img/Tribal_02_right_mini.png used on input line 49.
(pdftex.def)             Requested size: 83.02386pt x 46.70007pt.
 [31


])
File: ./img/Tribal_02_left_mini.png Graphic file (type png)

<use ./img/Tribal_02_left_mini.png>
Package pdftex.def Info: ./img/Tribal_02_left_mini.png used on input line 249.
(pdftex.def)             Requested size: 83.02386pt x 46.70007pt.
File: ./img/Tribal_01_mini.png Graphic file (type png)
 <use ./img/Tribal_01_mini.png>
Package pdftex.def Info: ./img/Tribal_01_mini.png used on input line 249.
(pdftex.def)             Requested size: 99.63245pt x 36.84976pt.
File: ./img/Tribal_02_right_mini.png Graphic file (type png)

<use ./img/Tribal_02_right_mini.png>
Package pdftex.def Info: ./img/Tribal_02_right_mini.png used on input line 249.

(pdftex.def)             Requested size: 83.02386pt x 46.70007pt.
 [32]
\c@espejo=\count150

("C:\Users\Gonz\Documents\Escritos\LaTeX\Escritos y Poemas Tematicos\18_Espejo.
tex"
File: ./img/Tribal_02_left_mini.png Graphic file (type png)
 <use ./img/Tribal_02_left_mini.png>
Package pdftex.def Info: ./img/Tribal_02_left_mini.png used on input line 50.
(pdftex.def)             Requested size: 83.02386pt x 46.70007pt.
File: ./img/Tribal_01_mini.png Graphic file (type png)
 <use ./img/Tribal_01_mini.png>
Package pdftex.def Info: ./img/Tribal_01_mini.png used on input line 50.
(pdftex.def)             Requested size: 99.63245pt x 36.84976pt.
File: ./img/Tribal_02_right_mini.png Graphic file (type png)

<use ./img/Tribal_02_right_mini.png>
Package pdftex.def Info: ./img/Tribal_02_right_mini.png used on input line 50.
(pdftex.def)             Requested size: 83.02386pt x 46.70007pt.
 [33


])
File: ./img/Tribal_02_left_mini.png Graphic file (type png)
 <use ./img/Tribal_02_left_mini.png>
Package pdftex.def Info: ./img/Tribal_02_left_mini.png used on input line 255.
(pdftex.def)             Requested size: 83.02386pt x 46.70007pt.
File: ./img/Tribal_01_mini.png Graphic file (type png)

<use ./img/Tribal_01_mini.png>
Package pdftex.def Info: ./img/Tribal_01_mini.png used on input line 255.
(pdftex.def)             Requested size: 99.63245pt x 36.84976pt.
File: ./img/Tribal_02_right_mini.png Graphic file (type png)
 <use ./img/Tribal_02_right_mini.png>
Package pdftex.def Info: ./img/Tribal_02_right_mini.png used on input line 255.

(pdftex.def)             Requested size: 83.02386pt x 46.70007pt.
 [34]
\c@capituloVida=\count151

("C:\Users\Gonz\Documents\Escritos\LaTeX\Escritos y Poemas Tematicos\19_Capitul
o_de_Vida.tex"
File: ./img/Tribal_02_left_mini.png Graphic file (type png)
 <use ./img/Tribal_02_left_mini.png>
Package pdftex.def Info: ./img/Tribal_02_left_mini.png used on input line 47.
(pdftex.def)             Requested size: 83.02386pt x 46.70007pt.
File: ./img/Tribal_01_mini.png Graphic file (type png)

<use ./img/Tribal_01_mini.png>
Package pdftex.def Info: ./img/Tribal_01_mini.png used on input line 47.
(pdftex.def)             Requested size: 99.63245pt x 36.84976pt.
File: ./img/Tribal_02_right_mini.png Graphic file (type png)
 <use ./img/Tribal_02_right_mini.png>
Package pdftex.def Info: ./img/Tribal_02_right_mini.png used on input line 47.
(pdftex.def)             Requested size: 83.02386pt x 46.70007pt.
 [35


])
File: ./img/Tribal_02_left_mini.png Graphic file (type png)

<use ./img/Tribal_02_left_mini.png>
Package pdftex.def Info: ./img/Tribal_02_left_mini.png used on input line 261.
(pdftex.def)             Requested size: 83.02386pt x 46.70007pt.
File: ./img/Tribal_01_mini.png Graphic file (type png)
 <use ./img/Tribal_01_mini.png>
Package pdftex.def Info: ./img/Tribal_01_mini.png used on input line 261.
(pdftex.def)             Requested size: 99.63245pt x 36.84976pt.
File: ./img/Tribal_02_right_mini.png Graphic file (type png)

<use ./img/Tribal_02_right_mini.png>
Package pdftex.def Info: ./img/Tribal_02_right_mini.png used on input line 261.

(pdftex.def)             Requested size: 83.02386pt x 46.70007pt.
 [36]
\c@cieloEstrellado=\count152

("C:\Users\Gonz\Documents\Escritos\LaTeX\Escritos y Poemas Tematicos\20_Cielo_E
strellado.tex"
File: ./img/Tribal_02_left_mini.png Graphic file (type png)
 <use ./img/Tribal_02_left_mini.png>
Package pdftex.def Info: ./img/Tribal_02_left_mini.png used on input line 49.
(pdftex.def)             Requested size: 83.02386pt x 46.70007pt.
File: ./img/Tribal_01_mini.png Graphic file (type png)

<use ./img/Tribal_01_mini.png>
Package pdftex.def Info: ./img/Tribal_01_mini.png used on input line 49.
(pdftex.def)             Requested size: 99.63245pt x 36.84976pt.
File: ./img/Tribal_02_right_mini.png Graphic file (type png)
 <use ./img/Tribal_02_right_mini.png>
Package pdftex.def Info: ./img/Tribal_02_right_mini.png used on input line 49.
(pdftex.def)             Requested size: 83.02386pt x 46.70007pt.
 [37


])
File: ./img/Tribal_02_left_mini.png Graphic file (type png)

<use ./img/Tribal_02_left_mini.png>
Package pdftex.def Info: ./img/Tribal_02_left_mini.png used on input line 267.
(pdftex.def)             Requested size: 83.02386pt x 46.70007pt.
File: ./img/Tribal_01_mini.png Graphic file (type png)
 <use ./img/Tribal_01_mini.png>
Package pdftex.def Info: ./img/Tribal_01_mini.png used on input line 267.
(pdftex.def)             Requested size: 99.63245pt x 36.84976pt.
File: ./img/Tribal_02_right_mini.png Graphic file (type png)

<use ./img/Tribal_02_right_mini.png>
Package pdftex.def Info: ./img/Tribal_02_right_mini.png used on input line 267.

(pdftex.def)             Requested size: 83.02386pt x 46.70007pt.
 [38]
\c@laReunion=\count153

("C:\Users\Gonz\Documents\Escritos\LaTeX\Escritos y Poemas Tematicos\21_La_Reun
ion.tex"
File: ./img/Tribal_02_left_mini.png Graphic file (type png)
 <use ./img/Tribal_02_left_mini.png>
Package pdftex.def Info: ./img/Tribal_02_left_mini.png used on input line 49.
(pdftex.def)             Requested size: 83.02386pt x 46.70007pt.
File: ./img/Tribal_01_mini.png Graphic file (type png)
 <use ./img/Tribal_01_mini.png>
Package pdftex.def Info: ./img/Tribal_01_mini.png used on input line 49.
(pdftex.def)             Requested size: 99.63245pt x 36.84976pt.
File: ./img/Tribal_02_right_mini.png Graphic file (type png)

<use ./img/Tribal_02_right_mini.png>
Package pdftex.def Info: ./img/Tribal_02_right_mini.png used on input line 49.
(pdftex.def)             Requested size: 83.02386pt x 46.70007pt.
 [39


]
File: ./img/Tribal_02_left_mini.png Graphic file (type png)
 <use ./img/Tribal_02_left_mini.png>
Package pdftex.def Info: ./img/Tribal_02_left_mini.png used on input line 90.
(pdftex.def)             Requested size: 83.02386pt x 46.70007pt.
File: ./img/Tribal_01_mini.png Graphic file (type png)

<use ./img/Tribal_01_mini.png>
Package pdftex.def Info: ./img/Tribal_01_mini.png used on input line 90.
(pdftex.def)             Requested size: 99.63245pt x 36.84976pt.
File: ./img/Tribal_02_right_mini.png Graphic file (type png)
 <use ./img/Tribal_02_right_mini.png>
Package pdftex.def Info: ./img/Tribal_02_right_mini.png used on input line 90.
(pdftex.def)             Requested size: 83.02386pt x 46.70007pt.
 [40])
File: ./img/Tribal_02_left_mini.png Graphic file (type png)

<use ./img/Tribal_02_left_mini.png>
Package pdftex.def Info: ./img/Tribal_02_left_mini.png used on input line 273.
(pdftex.def)             Requested size: 83.02386pt x 46.70007pt.
File: ./img/Tribal_01_mini.png Graphic file (type png)
 <use ./img/Tribal_01_mini.png>
Package pdftex.def Info: ./img/Tribal_01_mini.png used on input line 273.
(pdftex.def)             Requested size: 99.63245pt x 36.84976pt.
File: ./img/Tribal_02_right_mini.png Graphic file (type png)

<use ./img/Tribal_02_right_mini.png>
Package pdftex.def Info: ./img/Tribal_02_right_mini.png used on input line 273.

(pdftex.def)             Requested size: 83.02386pt x 46.70007pt.
 [41]
\c@hojasViento=\count154

("C:\Users\Gonz\Documents\Escritos\LaTeX\Escritos y Poemas Tematicos\22_Hojas_a
l_Viento.tex"
File: ./img/Tribal_02_left_mini.png Graphic file (type png)
 <use ./img/Tribal_02_left_mini.png>
Package pdftex.def Info: ./img/Tribal_02_left_mini.png used on input line 49.
(pdftex.def)             Requested size: 83.02386pt x 46.70007pt.
File: ./img/Tribal_01_mini.png Graphic file (type png)

<use ./img/Tribal_01_mini.png>
Package pdftex.def Info: ./img/Tribal_01_mini.png used on input line 49.
(pdftex.def)             Requested size: 99.63245pt x 36.84976pt.
File: ./img/Tribal_02_right_mini.png Graphic file (type png)
 <use ./img/Tribal_02_right_mini.png>
Package pdftex.def Info: ./img/Tribal_02_right_mini.png used on input line 49.
(pdftex.def)             Requested size: 83.02386pt x 46.70007pt.
 [42


])
File: ./img/Tribal_02_left_mini.png Graphic file (type png)

<use ./img/Tribal_02_left_mini.png>
Package pdftex.def Info: ./img/Tribal_02_left_mini.png used on input line 279.
(pdftex.def)             Requested size: 83.02386pt x 46.70007pt.
File: ./img/Tribal_01_mini.png Graphic file (type png)
 <use ./img/Tribal_01_mini.png>
Package pdftex.def Info: ./img/Tribal_01_mini.png used on input line 279.
(pdftex.def)             Requested size: 99.63245pt x 36.84976pt.
File: ./img/Tribal_02_right_mini.png Graphic file (type png)

<use ./img/Tribal_02_right_mini.png>
Package pdftex.def Info: ./img/Tribal_02_right_mini.png used on input line 279.

(pdftex.def)             Requested size: 83.02386pt x 46.70007pt.
 [43]
\c@versoCarne=\count155

("C:\Users\Gonz\Documents\Escritos\LaTeX\Escritos y Poemas Tematicos\23_El_Vers
o_se_hizo_Carne.tex"
File: ./img/Tribal_02_left_mini.png Graphic file (type png)
 <use ./img/Tribal_02_left_mini.png>
Package pdftex.def Info: ./img/Tribal_02_left_mini.png used on input line 48.
(pdftex.def)             Requested size: 83.02386pt x 46.70007pt.
File: ./img/Tribal_01_mini.png Graphic file (type png)

<use ./img/Tribal_01_mini.png>
Package pdftex.def Info: ./img/Tribal_01_mini.png used on input line 48.
(pdftex.def)             Requested size: 99.63245pt x 36.84976pt.
File: ./img/Tribal_02_right_mini.png Graphic file (type png)
 <use ./img/Tribal_02_right_mini.png>
Package pdftex.def Info: ./img/Tribal_02_right_mini.png used on input line 48.
(pdftex.def)             Requested size: 83.02386pt x 46.70007pt.
 [44


])
File: ./img/Tribal_02_left_mini.png Graphic file (type png)

<use ./img/Tribal_02_left_mini.png>
Package pdftex.def Info: ./img/Tribal_02_left_mini.png used on input line 285.
(pdftex.def)             Requested size: 83.02386pt x 46.70007pt.
File: ./img/Tribal_01_mini.png Graphic file (type png)
 <use ./img/Tribal_01_mini.png>
Package pdftex.def Info: ./img/Tribal_01_mini.png used on input line 285.
(pdftex.def)             Requested size: 99.63245pt x 36.84976pt.
File: ./img/Tribal_02_right_mini.png Graphic file (type png)

<use ./img/Tribal_02_right_mini.png>
Package pdftex.def Info: ./img/Tribal_02_right_mini.png used on input line 285.

(pdftex.def)             Requested size: 83.02386pt x 46.70007pt.
 [45]
Package atveryend Info: Empty hook `BeforeClearDocument' on input line 288.
Package atveryend Info: Empty hook `AfterLastShipout' on input line 288.

("C:\Users\Gonz\Documents\Escritos\LaTeX\Escritos y Poemas Tematicos\Escritos y
 Poemas Tematicos.aux"
("C:\Users\Gonz\Documents\Escritos\LaTeX\Escritos y Poemas Tematicos\01_Portada
.aux")
("C:\Users\Gonz\Documents\Escritos\LaTeX\Escritos y Poemas Tematicos\02_Descrip
cion.aux")
("C:\Users\Gonz\Documents\Escritos\LaTeX\Escritos y Poemas Tematicos\03_Silenci
o.aux")
("C:\Users\Gonz\Documents\Escritos\LaTeX\Escritos y Poemas Tematicos\04_Ave_del
_Ocaso.aux")
("C:\Users\Gonz\Documents\Escritos\LaTeX\Escritos y Poemas Tematicos\05_Sensaci
ones.aux")
("C:\Users\Gonz\Documents\Escritos\LaTeX\Escritos y Poemas Tematicos\06_El_Fueg
o_se_ha_de_Mantener.aux")
("C:\Users\Gonz\Documents\Escritos\LaTeX\Escritos y Poemas Tematicos\07_Mar_Pro
fundo.aux")
("C:\Users\Gonz\Documents\Escritos\LaTeX\Escritos y Poemas Tematicos\08_Un_Dia_
Mas.aux")
("C:\Users\Gonz\Documents\Escritos\LaTeX\Escritos y Poemas Tematicos\09_Ha_Naci
do.aux")
("C:\Users\Gonz\Documents\Escritos\LaTeX\Escritos y Poemas Tematicos\10_Viaje_E
stelar_p1.aux")
("C:\Users\Gonz\Documents\Escritos\LaTeX\Escritos y Poemas Tematicos\10_Viaje_E
stelar_p2.aux")
("C:\Users\Gonz\Documents\Escritos\LaTeX\Escritos y Poemas Tematicos\11_Vuelo_e
n_el_Horizonte.aux")
("C:\Users\Gonz\Documents\Escritos\LaTeX\Escritos y Poemas Tematicos\12_Instant
e.aux")
("C:\Users\Gonz\Documents\Escritos\LaTeX\Escritos y Poemas Tematicos\13_Un_Oscu
ro_Pasar.aux")
("C:\Users\Gonz\Documents\Escritos\LaTeX\Escritos y Poemas Tematicos\14_Heroe.a
ux")
("C:\Users\Gonz\Documents\Escritos\LaTeX\Escritos y Poemas Tematicos\15_Ilusion
.aux")
("C:\Users\Gonz\Documents\Escritos\LaTeX\Escritos y Poemas Tematicos\16_En_el_F
in_del_Mundo.aux")
("C:\Users\Gonz\Documents\Escritos\LaTeX\Escritos y Poemas Tematicos\17_Amor_In
condicional.aux")
("C:\Users\Gonz\Documents\Escritos\LaTeX\Escritos y Poemas Tematicos\18_Espejo.
aux")
("C:\Users\Gonz\Documents\Escritos\LaTeX\Escritos y Poemas Tematicos\19_Capitul
o_de_Vida.aux")
("C:\Users\Gonz\Documents\Escritos\LaTeX\Escritos y Poemas Tematicos\20_Cielo_E
strellado.aux")
("C:\Users\Gonz\Documents\Escritos\LaTeX\Escritos y Poemas Tematicos\21_La_Reun
ion.aux")
("C:\Users\Gonz\Documents\Escritos\LaTeX\Escritos y Poemas Tematicos\22_Hojas_a
l_Viento.aux")
("C:\Users\Gonz\Documents\Escritos\LaTeX\Escritos y Poemas Tematicos\23_El_Vers
o_se_hizo_Carne.aux"))
Package atveryend Info: Executing hook `AtVeryEndDocument' on input line 288.
Package atveryend Info: Empty hook `AtEndAfterFileList' on input line 288.


LaTeX Font Warning: Size substitutions with differences
(Font)              up to 117.38377pt have occurred.

Package atveryend Info: Empty hook `AtVeryVeryEnd' on input line 288.
 ) 
Here is how much of TeX's memory you used:
 17591 strings out of 494045
 334738 string characters out of 3145971
 402737 words of memory out of 3000000
 20331 multiletter control sequences out of 15000+200000
 10978 words of font info for 34 fonts, out of 3000000 for 9000
 715 hyphenation exceptions out of 8191
 62i,16n,57p,486b,765s stack positions out of 5000i,500n,10000p,200000b,50000s
{C:/Program Files (x86)/MiKTeX 2.9/fonts/enc/dvips/fontname/8r.enc}<C:/Progra
m Files (x86)/MiKTeX 2.9/fonts/type1/public/amsfonts/cm/cmbx12.pfb><C:/Program 
Files (x86)/MiKTeX 2.9/fonts/type1/public/amsfonts/cm/cmcsc10.pfb><C:/Program F
iles (x86)/MiKTeX 2.9/fonts/type1/public/amsfonts/cm/cmr12.pfb><C:/Program File
s (x86)/MiKTeX 2.9/fonts/type1/public/amsfonts/cm/cmr8.pfb><C:/Program Files (x
86)/MiKTeX 2.9/fonts/type1/urw/palatino/uplb8a.pfb><C:/Program Files (x86)/MiKT
eX 2.9/fonts/type1/urw/zapfchan/uzcmi8a.pfb>
Output written on "Escritos y Poemas Tematicos.pdf" (48 pages, 1723976 bytes).
PDF statistics:
 381 PDF objects out of 1000 (max. 8388607)
 73 named destinations out of 1000 (max. 500000)
 225 words of extra memory for PDF output out of 10000 (max. 10000000)

